[1013/090916.387:ERROR:crash_report_database_win.cc(427)] unexpected header
[1013/115029.467:ERROR:crash_report_database_win.cc(427)] unexpected header
[1016/080058.327:ERROR:crash_report_database_win.cc(427)] unexpected header
[1016/081713.219:ERROR:crash_report_database_win.cc(427)] unexpected header
[1016/084452.748:ERROR:crash_report_database_win.cc(427)] unexpected header
[1016/095756.637:ERROR:crash_report_database_win.cc(427)] unexpected header
[1017/080008.936:ERROR:crash_report_database_win.cc(427)] unexpected header
[1018/140219.172:ERROR:crash_report_database_win.cc(427)] unexpected header
[1018/203417.963:ERROR:crash_report_database_win.cc(427)] unexpected header
[1018/204417.972:ERROR:crash_report_database_win.cc(427)] unexpected header
[1018/204417.972:ERROR:crash_report_database_win.cc(427)] unexpected header
[1018/204918.000:ERROR:crash_report_database_win.cc(427)] unexpected header
[1018/210418.004:ERROR:crash_report_database_win.cc(427)] unexpected header
[1018/211918.005:ERROR:crash_report_database_win.cc(427)] unexpected header
[1018/213418.006:ERROR:crash_report_database_win.cc(427)] unexpected header
[1018/214918.007:ERROR:crash_report_database_win.cc(427)] unexpected header
[1018/220418.009:ERROR:crash_report_database_win.cc(427)] unexpected header
[1018/221918.010:ERROR:crash_report_database_win.cc(427)] unexpected header
[1018/223418.012:ERROR:crash_report_database_win.cc(427)] unexpected header
[1018/224918.013:ERROR:crash_report_database_win.cc(427)] unexpected header
[1018/230418.015:ERROR:crash_report_database_win.cc(427)] unexpected header
[1018/231918.016:ERROR:crash_report_database_win.cc(427)] unexpected header
[1018/233418.017:ERROR:crash_report_database_win.cc(427)] unexpected header
[1018/234918.018:ERROR:crash_report_database_win.cc(427)] unexpected header
[1019/000418.019:ERROR:crash_report_database_win.cc(427)] unexpected header
[1019/001918.020:ERROR:crash_report_database_win.cc(427)] unexpected header
[1019/140018.736:ERROR:crash_report_database_win.cc(427)] unexpected header
[1019/160946.231:ERROR:crash_report_database_win.cc(427)] unexpected header
[1019/161226.428:ERROR:crash_report_database_win.cc(427)] unexpected header
[1019/164652.199:ERROR:crash_report_database_win.cc(427)] unexpected header
[1019/165450.795:ERROR:crash_report_database_win.cc(427)] unexpected header
[1019/202504.828:ERROR:crash_report_database_win.cc(427)] unexpected header
[1019/203504.840:ERROR:crash_report_database_win.cc(427)] unexpected header
[1019/203504.840:ERROR:crash_report_database_win.cc(427)] unexpected header
[1019/204004.837:ERROR:crash_report_database_win.cc(427)] unexpected header
[1019/205504.837:ERROR:crash_report_database_win.cc(427)] unexpected header
[1019/211004.844:ERROR:crash_report_database_win.cc(427)] unexpected header
[1020/135738.852:ERROR:crash_report_database_win.cc(427)] unexpected header
[1023/135137.522:ERROR:crash_report_database_win.cc(427)] unexpected header
[1023/140137.522:ERROR:crash_report_database_win.cc(427)] unexpected header
[1023/140137.523:ERROR:crash_report_database_win.cc(427)] unexpected header
[1023/140637.567:ERROR:crash_report_database_win.cc(427)] unexpected header
[1023/142137.572:ERROR:crash_report_database_win.cc(427)] unexpected header
[1023/143637.579:ERROR:crash_report_database_win.cc(427)] unexpected header
[1023/145137.580:ERROR:crash_report_database_win.cc(427)] unexpected header
[1023/150637.584:ERROR:crash_report_database_win.cc(427)] unexpected header
[1023/152137.585:ERROR:crash_report_database_win.cc(427)] unexpected header
[1023/153637.587:ERROR:crash_report_database_win.cc(427)] unexpected header
[1023/155137.600:ERROR:crash_report_database_win.cc(427)] unexpected header
[1023/160637.613:ERROR:crash_report_database_win.cc(427)] unexpected header
[1023/162137.625:ERROR:crash_report_database_win.cc(427)] unexpected header
[1023/163637.640:ERROR:crash_report_database_win.cc(427)] unexpected header
[1023/165137.645:ERROR:crash_report_database_win.cc(427)] unexpected header
[1023/170637.646:ERROR:crash_report_database_win.cc(427)] unexpected header
[1023/172137.647:ERROR:crash_report_database_win.cc(427)] unexpected header
[1023/173637.648:ERROR:crash_report_database_win.cc(427)] unexpected header
[1023/174147.390:ERROR:crash_report_database_win.cc(427)] unexpected header
[1023/175137.655:ERROR:crash_report_database_win.cc(427)] unexpected header
[1023/202350.076:ERROR:crash_report_database_win.cc(427)] unexpected header
[1023/203350.077:ERROR:crash_report_database_win.cc(427)] unexpected header
[1023/203350.077:ERROR:crash_report_database_win.cc(427)] unexpected header
[1023/203850.143:ERROR:crash_report_database_win.cc(427)] unexpected header
[1023/205350.144:ERROR:crash_report_database_win.cc(427)] unexpected header
[1023/210850.145:ERROR:crash_report_database_win.cc(427)] unexpected header
[1024/140044.147:ERROR:crash_report_database_win.cc(427)] unexpected header
[1024/141044.146:ERROR:crash_report_database_win.cc(427)] unexpected header
[1024/141044.147:ERROR:crash_report_database_win.cc(427)] unexpected header
[1024/141544.156:ERROR:crash_report_database_win.cc(427)] unexpected header
[1024/143054.031:ERROR:crash_report_database_win.cc(427)] unexpected header
[1024/144554.031:ERROR:crash_report_database_win.cc(427)] unexpected header
[1024/150054.032:ERROR:crash_report_database_win.cc(427)] unexpected header
[1024/175756.560:ERROR:crash_report_database_win.cc(427)] unexpected header
[1024/202703.325:ERROR:crash_report_database_win.cc(427)] unexpected header
[1024/203703.326:ERROR:crash_report_database_win.cc(427)] unexpected header
[1024/203703.326:ERROR:crash_report_database_win.cc(427)] unexpected header
[1024/204203.341:ERROR:crash_report_database_win.cc(427)] unexpected header
[1024/205703.342:ERROR:crash_report_database_win.cc(427)] unexpected header
[1024/211203.343:ERROR:crash_report_database_win.cc(427)] unexpected header
[1025/141211.203:ERROR:crash_report_database_win.cc(427)] unexpected header
[1025/175034.247:ERROR:crash_report_database_win.cc(427)] unexpected header
[1026/140409.525:ERROR:crash_report_database_win.cc(427)] unexpected header
[1027/145757.649:ERROR:crash_report_database_win.cc(427)] unexpected header
[1027/150757.653:ERROR:crash_report_database_win.cc(427)] unexpected header
[1027/150757.653:ERROR:crash_report_database_win.cc(427)] unexpected header
[1027/151257.665:ERROR:crash_report_database_win.cc(427)] unexpected header
[1027/152757.665:ERROR:crash_report_database_win.cc(427)] unexpected header
[1027/154257.676:ERROR:crash_report_database_win.cc(427)] unexpected header
[1027/155757.677:ERROR:crash_report_database_win.cc(427)] unexpected header
[1027/161257.687:ERROR:crash_report_database_win.cc(427)] unexpected header
[1027/162757.698:ERROR:crash_report_database_win.cc(427)] unexpected header
[1027/164257.706:ERROR:crash_report_database_win.cc(427)] unexpected header
[1027/165757.706:ERROR:crash_report_database_win.cc(427)] unexpected header
[1027/171257.720:ERROR:crash_report_database_win.cc(427)] unexpected header
[1027/172757.731:ERROR:crash_report_database_win.cc(427)] unexpected header
[1027/174257.731:ERROR:crash_report_database_win.cc(427)] unexpected header
[1027/175757.734:ERROR:crash_report_database_win.cc(427)] unexpected header
[1030/120450.250:ERROR:crash_report_database_win.cc(427)] unexpected header
[1030/182712.528:ERROR:crash_report_database_win.cc(427)] unexpected header
[1030/183712.540:ERROR:crash_report_database_win.cc(427)] unexpected header
[1030/183712.540:ERROR:crash_report_database_win.cc(427)] unexpected header
[1030/184212.530:ERROR:crash_report_database_win.cc(427)] unexpected header
[1030/185712.538:ERROR:crash_report_database_win.cc(427)] unexpected header
[1030/191212.552:ERROR:crash_report_database_win.cc(427)] unexpected header
[1030/192712.552:ERROR:crash_report_database_win.cc(427)] unexpected header
[1030/194212.552:ERROR:crash_report_database_win.cc(427)] unexpected header
[1030/195712.566:ERROR:crash_report_database_win.cc(427)] unexpected header
[1030/201212.566:ERROR:crash_report_database_win.cc(427)] unexpected header
[1030/202712.581:ERROR:crash_report_database_win.cc(427)] unexpected header
[1030/203916.491:ERROR:crash_report_database_win.cc(427)] unexpected header
[1030/204212.589:ERROR:crash_report_database_win.cc(427)] unexpected header
[1030/205712.590:ERROR:crash_report_database_win.cc(427)] unexpected header
[1030/211120.922:ERROR:crash_report_database_win.cc(427)] unexpected header
[1030/211212.596:ERROR:crash_report_database_win.cc(427)] unexpected header
[1030/211933.596:ERROR:crash_report_database_win.cc(427)] unexpected header
[1030/212044.852:ERROR:crash_report_database_win.cc(427)] unexpected header
[1030/212132.150:ERROR:crash_report_database_win.cc(427)] unexpected header
[1030/212712.596:ERROR:crash_report_database_win.cc(427)] unexpected header
[1030/214212.598:ERROR:crash_report_database_win.cc(427)] unexpected header
[1030/215712.598:ERROR:crash_report_database_win.cc(427)] unexpected header
[1030/221212.599:ERROR:crash_report_database_win.cc(427)] unexpected header
[1030/222712.614:ERROR:crash_report_database_win.cc(427)] unexpected header
[1031/120339.870:ERROR:crash_report_database_win.cc(427)] unexpected header
[1031/121339.872:ERROR:crash_report_database_win.cc(427)] unexpected header
[1031/121339.872:ERROR:crash_report_database_win.cc(427)] unexpected header
[1031/121839.895:ERROR:crash_report_database_win.cc(427)] unexpected header
[1031/123339.896:ERROR:crash_report_database_win.cc(427)] unexpected header
[1031/124839.896:ERROR:crash_report_database_win.cc(427)] unexpected header
[1031/130339.897:ERROR:crash_report_database_win.cc(427)] unexpected header
[1031/131839.897:ERROR:crash_report_database_win.cc(427)] unexpected header
[1031/133339.899:ERROR:crash_report_database_win.cc(427)] unexpected header
[1031/134839.909:ERROR:crash_report_database_win.cc(427)] unexpected header
[1031/140339.916:ERROR:crash_report_database_win.cc(427)] unexpected header
[1031/141839.931:ERROR:crash_report_database_win.cc(427)] unexpected header
[1031/143339.932:ERROR:crash_report_database_win.cc(427)] unexpected header
[1031/144839.933:ERROR:crash_report_database_win.cc(427)] unexpected header
[1031/150339.941:ERROR:crash_report_database_win.cc(427)] unexpected header
[1031/151103.290:ERROR:crash_report_database_win.cc(427)] unexpected header
[1031/151839.946:ERROR:crash_report_database_win.cc(427)] unexpected header
[1031/153339.947:ERROR:crash_report_database_win.cc(427)] unexpected header
[1031/154839.956:ERROR:crash_report_database_win.cc(427)] unexpected header
[1031/182823.713:ERROR:crash_report_database_win.cc(427)] unexpected header
[1031/182953.181:ERROR:process_info.cc(632)] range at 0x3f0045ec00000000, size 0x32 fully unreadable
[1031/182953.181:ERROR:process_info.cc(632)] range at 0x3f00464e00000000, size 0x32 fully unreadable
[1031/182953.181:ERROR:process_info.cc(632)] range at 0x0, size 0x32 fully unreadable
[1031/182953.225:ERROR:process_reader_win.cc(242)] ReadMemory at 0x7ffd81e0000 of 64 bytes failed: Solo se completó una parte de una solicitud ReadProcessMemory o WriteProcessMemory. (0x12B)
[1031/182953.225:WARNING:pe_image_reader.cc(281)] could not read dos header from C:\Windows\SYSTEM32\dbghelp.dll
[1031/182953.225:ERROR:process_reader_win.cc(242)] ReadMemory at 0x7ffde920000 of 64 bytes failed: Solo se completó una parte de una solicitud ReadProcessMemory o WriteProcessMemory. (0x12B)
[1031/182953.225:WARNING:pe_image_reader.cc(281)] could not read dos header from C:\Windows\SYSTEM32\USP10.dll
[1031/182953.225:ERROR:process_reader_win.cc(242)] ReadMemory at 0x7ffdc5a0000 of 64 bytes failed: Solo se completó una parte de una solicitud ReadProcessMemory o WriteProcessMemory. (0x12B)
[1031/182953.225:WARNING:pe_image_reader.cc(281)] could not read dos header from C:\Windows\SYSTEM32\WINSPOOL.DRV
[1031/182953.225:ERROR:process_reader_win.cc(242)] ReadMemory at 0x7ffe5ea0000 of 64 bytes failed: Solo se completó una parte de una solicitud ReadProcessMemory o WriteProcessMemory. (0x12B)
[1031/182953.225:WARNING:pe_image_reader.cc(281)] could not read dos header from C:\Windows\SYSTEM32\WINNSI.DLL
[1031/182953.225:ERROR:process_reader_win.cc(242)] ReadMemory at 0x7ffe5ec0000 of 64 bytes failed: Solo se completó una parte de una solicitud ReadProcessMemory o WriteProcessMemory. (0x12B)
[1031/182953.225:WARNING:pe_image_reader.cc(281)] could not read dos header from C:\Windows\SYSTEM32\IPHLPAPI.DLL
[1031/182953.225:ERROR:process_reader_win.cc(242)] ReadMemory at 0x7ffdfba0000 of 64 bytes failed: Solo se completó una parte de una solicitud ReadProcessMemory o WriteProcessMemory. (0x12B)
[1031/182953.225:WARNING:pe_image_reader.cc(281)] could not read dos header from C:\Windows\SYSTEM32\Secur32.dll
[1031/182953.225:ERROR:process_reader_win.cc(242)] ReadMemory at 0x7ffebea0000 of 64 bytes failed: Solo se completó una parte de una solicitud ReadProcessMemory o WriteProcessMemory. (0x12B)
[1031/182953.225:WARNING:pe_image_reader.cc(281)] could not read dos header from C:\Windows\system32\iertutil.dll
[1031/182953.225:ERROR:process_reader_win.cc(242)] ReadMemory at 0x7ffec420000 of 64 bytes failed: Solo se completó una parte de una solicitud ReadProcessMemory o WriteProcessMemory. (0x12B)
[1031/182953.225:WARNING:pe_image_reader.cc(281)] could not read dos header from C:\Windows\system32\WININET.dll
[1031/182953.225:ERROR:process_reader_win.cc(242)] ReadMemory at 0x7ffeb650000 of 64 bytes failed: Solo se completó una parte de una solicitud ReadProcessMemory o WriteProcessMemory. (0x12B)
[1031/182953.225:WARNING:pe_image_reader.cc(281)] could not read dos header from C:\Windows\system32\urlmon.dll
[1031/182953.225:ERROR:process_reader_win.cc(242)] ReadMemory at 0x7ffe6730000 of 64 bytes failed: Solo se completó una parte de una solicitud ReadProcessMemory o WriteProcessMemory. (0x12B)
[1031/182953.225:WARNING:pe_image_reader.cc(281)] could not read dos header from C:\Windows\SYSTEM32\DWrite.dll
[1031/182953.225:ERROR:process_reader_win.cc(242)] ReadMemory at 0x7ffe99c0000 of 64 bytes failed: Solo se completó una parte de una solicitud ReadProcessMemory o WriteProcessMemory. (0x12B)
[1031/182953.225:WARNING:pe_image_reader.cc(281)] could not read dos header from C:\Windows\SYSTEM32\SSPICLI.DLL
[1031/182953.225:ERROR:process_reader_win.cc(242)] ReadMemory at 0x7ffcbfd0000 of 64 bytes failed: Solo se completó una parte de una solicitud ReadProcessMemory o WriteProcessMemory. (0x12B)
[1031/182953.225:WARNING:pe_image_reader.cc(281)] could not read dos header from C:\Program Files (x86)\Google\Chrome\Application\61.0.3163.100\chrome_child.dll
[1031/182953.225:ERROR:process_reader_win.cc(242)] ReadMemory at 0x7ffe99f0000 of 64 bytes failed: Solo se completó una parte de una solicitud ReadProcessMemory o WriteProcessMemory. (0x12B)
[1031/182953.225:WARNING:pe_image_reader.cc(281)] could not read dos header from C:\Windows\SYSTEM32\bcryptPrimitives.dll
[1031/182953.225:ERROR:process_reader_win.cc(242)] ReadMemory at 0x7ffe9a50000 of 64 bytes failed: Solo se completó una parte de una solicitud ReadProcessMemory o WriteProcessMemory. (0x12B)
[1031/182953.225:WARNING:pe_image_reader.cc(281)] could not read dos header from C:\Windows\SYSTEM32\cryptbase.dll
[1031/182953.225:ERROR:process_reader_win.cc(242)] ReadMemory at 0x7f69cc00000 of 64 bytes failed: Solo se completó una parte de una solicitud ReadProcessMemory o WriteProcessMemory. (0x12B)
[1031/182953.225:WARNING:pe_image_reader.cc(281)] could not read dos header from C:\Program Files (x86)\Google\Chrome\Application\chrome.exe
[1031/182953.225:ERROR:process_reader_win.cc(242)] ReadMemory at 0x7ffecd00000 of 64 bytes failed: Solo se completó una parte de una solicitud ReadProcessMemory o WriteProcessMemory. (0x12B)
[1031/182953.225:WARNING:pe_image_reader.cc(281)] could not read dos header from C:\Windows\SYSTEM32\ntdll.dll
[1031/182953.225:ERROR:process_reader_win.cc(242)] ReadMemory at 0x7ffe9f40000 of 64 bytes failed: Solo se completó una parte de una solicitud ReadProcessMemory o WriteProcessMemory. (0x12B)
[1031/182953.225:WARNING:pe_image_reader.cc(281)] could not read dos header from C:\Windows\system32\KERNELBASE.dll
[1031/182953.225:ERROR:process_reader_win.cc(242)] ReadMemory at 0x7ffebae0000 of 64 bytes failed: Solo se completó una parte de una solicitud ReadProcessMemory o WriteProcessMemory. (0x12B)
[1031/182953.225:WARNING:pe_image_reader.cc(281)] could not read dos header from C:\Windows\system32\KERNEL32.DLL
[1031/182953.225:ERROR:process_reader_win.cc(242)] ReadMemory at 0x7ffeb7b0000 of 64 bytes failed: Solo se completó una parte de una solicitud ReadProcessMemory o WriteProcessMemory. (0x12B)
[1031/182953.225:WARNING:pe_image_reader.cc(281)] could not read dos header from C:\Windows\system32\msvcrt.dll
[1031/182953.225:ERROR:process_reader_win.cc(242)] ReadMemory at 0x7ffe7120000 of 64 bytes failed: Solo se completó una parte de una solicitud ReadProcessMemory o WriteProcessMemory. (0x12B)
[1031/182953.225:WARNING:pe_image_reader.cc(281)] could not read dos header from C:\Windows\SYSTEM32\VERSION.dll
[1031/182953.225:ERROR:process_reader_win.cc(242)] ReadMemory at 0x7ffdb3a0000 of 64 bytes failed: Solo se completó una parte de una solicitud ReadProcessMemory o WriteProcessMemory. (0x12B)
[1031/182953.225:WARNING:pe_image_reader.cc(281)] could not read dos header from C:\Program Files (x86)\Google\Chrome\Application\61.0.3163.100\chrome_elf.dll
[1031/182953.225:ERROR:process_reader_win.cc(242)] ReadMemory at 0x7ffeb4f0000 of 64 bytes failed: Solo se completó una parte de una solicitud ReadProcessMemory o WriteProcessMemory. (0x12B)
[1031/182953.225:WARNING:pe_image_reader.cc(281)] could not read dos header from C:\Windows\system32\RPCRT4.dll
[1031/182953.225:ERROR:process_reader_win.cc(242)] ReadMemory at 0x7ffec1a0000 of 64 bytes failed: Solo se completó una parte de una solicitud ReadProcessMemory o WriteProcessMemory. (0x12B)
[1031/182953.225:WARNING:pe_image_reader.cc(281)] could not read dos header from C:\Windows\SYSTEM32\sechost.dll
[1031/182953.225:ERROR:process_reader_win.cc(242)] ReadMemory at 0x7ffec6c0000 of 64 bytes failed: Solo se completó una parte de una solicitud ReadProcessMemory o WriteProcessMemory. (0x12B)
[1031/182953.225:WARNING:pe_image_reader.cc(281)] could not read dos header from C:\Windows\system32\ADVAPI32.dll
[1031/182953.225:ERROR:process_reader_win.cc(242)] ReadMemory at 0x7ffeb640000 of 64 bytes failed: Solo se completó una parte de una solicitud ReadProcessMemory o WriteProcessMemory. (0x12B)
[1031/182953.225:WARNING:pe_image_reader.cc(281)] could not read dos header from C:\Windows\system32\PSAPI.DLL
[1031/182953.225:ERROR:process_reader_win.cc(242)] ReadMemory at 0x7ffecb50000 of 64 bytes failed: Solo se completó una parte de una solicitud ReadProcessMemory o WriteProcessMemory. (0x12B)
[1031/182953.225:WARNING:pe_image_reader.cc(281)] could not read dos header from C:\Windows\SYSTEM32\combase.dll
[1031/182953.225:ERROR:process_reader_win.cc(242)] ReadMemory at 0x7ffec970000 of 64 bytes failed: Solo se completó una parte de una solicitud ReadProcessMemory o WriteProcessMemory. (0x12B)
[1031/182953.225:WARNING:pe_image_reader.cc(281)] could not read dos header from C:\Windows\system32\GDI32.dll
[1031/182953.225:ERROR:process_reader_win.cc(242)] ReadMemory at 0x7ffeb860000 of 64 bytes failed: Solo se completó una parte de una solicitud ReadProcessMemory o WriteProcessMemory. (0x12B)
[1031/182953.225:WARNING:pe_image_reader.cc(281)] could not read dos header from C:\Windows\system32\USER32.dll
[1031/182953.225:ERROR:process_reader_win.cc(242)] ReadMemory at 0x323f5c0000 of 64 bytes failed: Solo se completó una parte de una solicitud ReadProcessMemory o WriteProcessMemory. (0x12B)
[1031/182953.225:WARNING:pe_image_reader.cc(281)] could not read dos header from C:\Windows\system32\MSCTF.dll
[1031/182953.225:ERROR:process_reader_win.cc(242)] ReadMemory at 0x7ffebe60000 of 64 bytes failed: Solo se completó una parte de una solicitud ReadProcessMemory o WriteProcessMemory. (0x12B)
[1031/182953.225:WARNING:pe_image_reader.cc(281)] could not read dos header from C:\Windows\system32\IMM32.DLL
[1031/182953.225:ERROR:process_reader_win.cc(242)] ReadMemory at 0x7ffec3d0000 of 64 bytes failed: Solo se completó una parte de una solicitud ReadProcessMemory o WriteProcessMemory. (0x12B)
[1031/182953.225:WARNING:pe_image_reader.cc(281)] could not read dos header from C:\Windows\system32\SHLWAPI.dll
[1031/182953.225:ERROR:process_reader_win.cc(242)] ReadMemory at 0x7ffea150000 of 64 bytes failed: Solo se completó una parte de una solicitud ReadProcessMemory o WriteProcessMemory. (0x12B)
[1031/182953.225:WARNING:pe_image_reader.cc(281)] could not read dos header from C:\Windows\system32\SHELL32.dll
[1031/182953.225:ERROR:process_reader_win.cc(242)] ReadMemory at 0x7ffe9ec0000 of 64 bytes failed: Solo se completó una parte de una solicitud ReadProcessMemory o WriteProcessMemory. (0x12B)
[1031/182953.225:WARNING:pe_image_reader.cc(281)] could not read dos header from C:\Windows\SYSTEM32\cfgmgr32.dll
[1031/182953.225:ERROR:process_reader_win.cc(242)] ReadMemory at 0x7ffe9f10000 of 64 bytes failed: Solo se completó una parte de una solicitud ReadProcessMemory o WriteProcessMemory. (0x12B)
[1031/182953.225:WARNING:pe_image_reader.cc(281)] could not read dos header from C:\Windows\system32\DEVOBJ.dll
[1031/182953.225:ERROR:process_reader_win.cc(242)] ReadMemory at 0x7ffdf7e0000 of 64 bytes failed: Solo se completó una parte de una solicitud ReadProcessMemory o WriteProcessMemory. (0x12B)
[1031/182953.225:WARNING:pe_image_reader.cc(281)] could not read dos header from C:\Windows\SYSTEM32\WINMMBASE.dll
[1031/182953.225:ERROR:process_reader_win.cc(242)] ReadMemory at 0x7ffdf820000 of 64 bytes failed: Solo se completó una parte de una solicitud ReadProcessMemory o WriteProcessMemory. (0x12B)
[1031/182953.225:WARNING:pe_image_reader.cc(281)] could not read dos header from C:\Windows\SYSTEM32\WINMM.dll
[1031/182953.225:ERROR:process_reader_win.cc(242)] ReadMemory at 0x7ffe9c10000 of 64 bytes failed: Solo se completó una parte de una solicitud ReadProcessMemory o WriteProcessMemory. (0x12B)
[1031/182953.225:WARNING:pe_image_reader.cc(281)] could not read dos header from C:\Windows\SYSTEM32\profapi.dll
[1031/182953.225:ERROR:process_reader_win.cc(242)] ReadMemory at 0x7ffe8ef0000 of 64 bytes failed: Solo se completó una parte de una solicitud ReadProcessMemory o WriteProcessMemory. (0x12B)
[1031/182953.225:WARNING:pe_image_reader.cc(281)] could not read dos header from C:\Windows\SYSTEM32\USERENV.dll
[1031/182953.225:ERROR:process_reader_win.cc(242)] ReadMemory at 0x7ffe46f0000 of 64 bytes failed: Solo se completó una parte de una solicitud ReadProcessMemory o WriteProcessMemory. (0x12B)
[1031/182953.225:WARNING:pe_image_reader.cc(281)] could not read dos header from C:\Windows\SYSTEM32\WINHTTP.dll
[1031/182953.225:ERROR:process_reader_win.cc(242)] ReadMemory at 0x7ffe8280000 of 64 bytes failed: Solo se completó una parte de una solicitud ReadProcessMemory o WriteProcessMemory. (0x12B)
[1031/182953.225:WARNING:pe_image_reader.cc(281)] could not read dos header from C:\Windows\SYSTEM32\shcore.dll
[1031/182953.225:ERROR:process_reader_win.cc(242)] ReadMemory at 0x7ffec1f0000 of 64 bytes failed: Solo se completó una parte de una solicitud ReadProcessMemory o WriteProcessMemory. (0x12B)
[1031/182953.225:WARNING:pe_image_reader.cc(281)] could not read dos header from C:\Windows\system32\ole32.dll
[1031/182953.225:ERROR:process_reader_win.cc(242)] ReadMemory at 0x7ffec0c0000 of 64 bytes failed: Solo se completó una parte de una solicitud ReadProcessMemory o WriteProcessMemory. (0x12B)
[1031/182953.225:WARNING:pe_image_reader.cc(281)] could not read dos header from C:\Windows\system32\OLEAUT32.dll
[1031/182953.225:ERROR:process_reader_win.cc(242)] ReadMemory at 0x323f100000 of 64 bytes failed: Solo se completó una parte de una solicitud ReadProcessMemory o WriteProcessMemory. (0x12B)
[1031/182953.225:WARNING:pe_image_reader.cc(281)] could not read dos header from C:\Windows\system32\NSI.dll
[1031/182953.225:ERROR:process_reader_win.cc(242)] ReadMemory at 0x7ffecaf0000 of 64 bytes failed: Solo se completó una parte de una solicitud ReadProcessMemory o WriteProcessMemory. (0x12B)
[1031/182953.225:WARNING:pe_image_reader.cc(281)] could not read dos header from C:\Windows\system32\WS2_32.dll
[1031/182953.225:ERROR:process_reader_win.cc(242)] ReadMemory at 0x7ffe9cc0000 of 64 bytes failed: Solo se completó una parte de una solicitud ReadProcessMemory o WriteProcessMemory. (0x12B)
[1031/182953.225:WARNING:pe_image_reader.cc(281)] could not read dos header from C:\Windows\system32\MSASN1.dll
[1031/182953.225:ERROR:process_reader_win.cc(242)] ReadMemory at 0x7ffe9ce0000 of 64 bytes failed: Solo se completó una parte de una solicitud ReadProcessMemory o WriteProcessMemory. (0x12B)
[1031/182953.225:WARNING:pe_image_reader.cc(281)] could not read dos header from C:\Windows\system32\CRYPT32.dll
[1031/182953.225:ERROR:process_reader_win.cc(242)] ReadMemory at 0x7ffea040000 of 64 bytes failed: Solo se completó una parte de una solicitud ReadProcessMemory o WriteProcessMemory. (0x12B)
[1031/182953.225:WARNING:pe_image_reader.cc(281)] could not read dos header from C:\Windows\system32\WINTRUST.dll
[1031/182953.225:ERROR:process_reader_win.cc(242)] ReadMemory at 0x7ffe94c0000 of 64 bytes failed: Solo se completó una parte de una solicitud ReadProcessMemory o WriteProcessMemory. (0x12B)
[1031/182953.225:WARNING:pe_image_reader.cc(281)] could not read dos header from C:\Windows\WinSxS\amd64_microsoft.windows.common-controls_6595b64144ccf1df_6.0.9200.17359_none_4188b989718cf1c6\COMCTL32.dll
[1031/182953.225:ERROR:process_reader_win.cc(242)] ReadMemory at 0x7ffeb440000 of 64 bytes failed: Solo se completó una parte de una solicitud ReadProcessMemory o WriteProcessMemory. (0x12B)
[1031/182953.225:WARNING:pe_image_reader.cc(281)] could not read dos header from C:\Windows\system32\COMDLG32.dll
[1031/182953.225:ERROR:process_reader_win.cc(242)] ReadMemory at 0x7ffd81e0000 of 64 bytes failed: Solo se completó una parte de una solicitud ReadProcessMemory o WriteProcessMemory. (0x12B)
[1031/182953.225:WARNING:pe_image_reader.cc(281)] could not read dos header from C:\Windows\SYSTEM32\dbghelp.dll
[1031/182953.225:ERROR:process_reader_win.cc(242)] ReadMemory at 0x7ffde920000 of 64 bytes failed: Solo se completó una parte de una solicitud ReadProcessMemory o WriteProcessMemory. (0x12B)
[1031/182953.225:WARNING:pe_image_reader.cc(281)] could not read dos header from C:\Windows\SYSTEM32\USP10.dll
[1031/182953.225:ERROR:process_reader_win.cc(242)] ReadMemory at 0x7ffdc5a0000 of 64 bytes failed: Solo se completó una parte de una solicitud ReadProcessMemory o WriteProcessMemory. (0x12B)
[1031/182953.225:WARNING:pe_image_reader.cc(281)] could not read dos header from C:\Windows\SYSTEM32\WINSPOOL.DRV
[1031/182953.225:ERROR:process_reader_win.cc(242)] ReadMemory at 0x7ffe5ea0000 of 64 bytes failed: Solo se completó una parte de una solicitud ReadProcessMemory o WriteProcessMemory. (0x12B)
[1031/182953.225:WARNING:pe_image_reader.cc(281)] could not read dos header from C:\Windows\SYSTEM32\WINNSI.DLL
[1031/182953.225:ERROR:process_reader_win.cc(242)] ReadMemory at 0x7ffe5ec0000 of 64 bytes failed: Solo se completó una parte de una solicitud ReadProcessMemory o WriteProcessMemory. (0x12B)
[1031/182953.225:WARNING:pe_image_reader.cc(281)] could not read dos header from C:\Windows\SYSTEM32\IPHLPAPI.DLL
[1031/182953.225:ERROR:process_reader_win.cc(242)] ReadMemory at 0x7ffdfba0000 of 64 bytes failed: Solo se completó una parte de una solicitud ReadProcessMemory o WriteProcessMemory. (0x12B)
[1031/182953.225:WARNING:pe_image_reader.cc(281)] could not read dos header from C:\Windows\SYSTEM32\Secur32.dll
[1031/182953.225:ERROR:process_reader_win.cc(242)] ReadMemory at 0x7ffebea0000 of 64 bytes failed: Solo se completó una parte de una solicitud ReadProcessMemory o WriteProcessMemory. (0x12B)
[1031/182953.225:WARNING:pe_image_reader.cc(281)] could not read dos header from C:\Windows\system32\iertutil.dll
[1031/182953.225:ERROR:process_reader_win.cc(242)] ReadMemory at 0x7ffec420000 of 64 bytes failed: Solo se completó una parte de una solicitud ReadProcessMemory o WriteProcessMemory. (0x12B)
[1031/182953.225:WARNING:pe_image_reader.cc(281)] could not read dos header from C:\Windows\system32\WININET.dll
[1031/182953.225:ERROR:process_reader_win.cc(242)] ReadMemory at 0x7ffeb650000 of 64 bytes failed: Solo se completó una parte de una solicitud ReadProcessMemory o WriteProcessMemory. (0x12B)
[1031/182953.225:WARNING:pe_image_reader.cc(281)] could not read dos header from C:\Windows\system32\urlmon.dll
[1031/182953.225:ERROR:process_reader_win.cc(242)] ReadMemory at 0x7ffe6730000 of 64 bytes failed: Solo se completó una parte de una solicitud ReadProcessMemory o WriteProcessMemory. (0x12B)
[1031/182953.225:WARNING:pe_image_reader.cc(281)] could not read dos header from C:\Windows\SYSTEM32\DWrite.dll
[1031/182953.225:ERROR:process_reader_win.cc(242)] ReadMemory at 0x7ffe99c0000 of 64 bytes failed: Solo se completó una parte de una solicitud ReadProcessMemory o WriteProcessMemory. (0x12B)
[1031/182953.225:WARNING:pe_image_reader.cc(281)] could not read dos header from C:\Windows\SYSTEM32\SSPICLI.DLL
[1031/182953.225:ERROR:process_reader_win.cc(242)] ReadMemory at 0x7ffcbfd0000 of 64 bytes failed: Solo se completó una parte de una solicitud ReadProcessMemory o WriteProcessMemory. (0x12B)
[1031/182953.225:WARNING:pe_image_reader.cc(281)] could not read dos header from C:\Program Files (x86)\Google\Chrome\Application\61.0.3163.100\chrome_child.dll
[1031/182953.225:ERROR:process_reader_win.cc(242)] ReadMemory at 0x7ffe99f0000 of 64 bytes failed: Solo se completó una parte de una solicitud ReadProcessMemory o WriteProcessMemory. (0x12B)
[1031/182953.225:WARNING:pe_image_reader.cc(281)] could not read dos header from C:\Windows\SYSTEM32\bcryptPrimitives.dll
[1031/182953.225:ERROR:process_reader_win.cc(242)] ReadMemory at 0x7ffe9a50000 of 64 bytes failed: Solo se completó una parte de una solicitud ReadProcessMemory o WriteProcessMemory. (0x12B)
[1031/182953.225:WARNING:pe_image_reader.cc(281)] could not read dos header from C:\Windows\SYSTEM32\cryptbase.dll
[1031/182953.256:ERROR:process_reader_win.cc(242)] ReadMemory at 0x7f69cc00000 of 64 bytes failed: Solo se completó una parte de una solicitud ReadProcessMemory o WriteProcessMemory. (0x12B)
[1031/182953.256:WARNING:pe_image_reader.cc(281)] could not read dos header from C:\Program Files (x86)\Google\Chrome\Application\chrome.exe
[1031/182953.256:ERROR:process_reader_win.cc(242)] ReadMemory at 0x7ffecd00000 of 64 bytes failed: Solo se completó una parte de una solicitud ReadProcessMemory o WriteProcessMemory. (0x12B)
[1031/182953.256:WARNING:pe_image_reader.cc(281)] could not read dos header from C:\Windows\SYSTEM32\ntdll.dll
[1031/182953.256:ERROR:process_reader_win.cc(242)] ReadMemory at 0x7ffe9f40000 of 64 bytes failed: Solo se completó una parte de una solicitud ReadProcessMemory o WriteProcessMemory. (0x12B)
[1031/182953.256:WARNING:pe_image_reader.cc(281)] could not read dos header from C:\Windows\system32\KERNELBASE.dll
[1031/182953.256:ERROR:process_reader_win.cc(242)] ReadMemory at 0x7ffebae0000 of 64 bytes failed: Solo se completó una parte de una solicitud ReadProcessMemory o WriteProcessMemory. (0x12B)
[1031/182953.256:WARNING:pe_image_reader.cc(281)] could not read dos header from C:\Windows\system32\KERNEL32.DLL
[1031/182953.256:ERROR:process_reader_win.cc(242)] ReadMemory at 0x7ffeb7b0000 of 64 bytes failed: Solo se completó una parte de una solicitud ReadProcessMemory o WriteProcessMemory. (0x12B)
[1031/182953.256:WARNING:pe_image_reader.cc(281)] could not read dos header from C:\Windows\system32\msvcrt.dll
[1031/182953.256:ERROR:process_reader_win.cc(242)] ReadMemory at 0x7ffe7120000 of 64 bytes failed: Solo se completó una parte de una solicitud ReadProcessMemory o WriteProcessMemory. (0x12B)
[1031/182953.256:WARNING:pe_image_reader.cc(281)] could not read dos header from C:\Windows\SYSTEM32\VERSION.dll
[1031/182953.256:ERROR:process_reader_win.cc(242)] ReadMemory at 0x7ffdb3a0000 of 64 bytes failed: Solo se completó una parte de una solicitud ReadProcessMemory o WriteProcessMemory. (0x12B)
[1031/182953.256:WARNING:pe_image_reader.cc(281)] could not read dos header from C:\Program Files (x86)\Google\Chrome\Application\61.0.3163.100\chrome_elf.dll
[1031/182953.256:ERROR:process_reader_win.cc(242)] ReadMemory at 0x7ffeb4f0000 of 64 bytes failed: Solo se completó una parte de una solicitud ReadProcessMemory o WriteProcessMemory. (0x12B)
[1031/182953.256:WARNING:pe_image_reader.cc(281)] could not read dos header from C:\Windows\system32\RPCRT4.dll
[1031/182953.256:ERROR:process_reader_win.cc(242)] ReadMemory at 0x7ffec1a0000 of 64 bytes failed: Solo se completó una parte de una solicitud ReadProcessMemory o WriteProcessMemory. (0x12B)
[1031/182953.256:WARNING:pe_image_reader.cc(281)] could not read dos header from C:\Windows\SYSTEM32\sechost.dll
[1031/182953.256:ERROR:process_reader_win.cc(242)] ReadMemory at 0x7ffec6c0000 of 64 bytes failed: Solo se completó una parte de una solicitud ReadProcessMemory o WriteProcessMemory. (0x12B)
[1031/182953.256:WARNING:pe_image_reader.cc(281)] could not read dos header from C:\Windows\system32\ADVAPI32.dll
[1031/182953.256:ERROR:process_reader_win.cc(242)] ReadMemory at 0x7ffeb640000 of 64 bytes failed: Solo se completó una parte de una solicitud ReadProcessMemory o WriteProcessMemory. (0x12B)
[1031/182953.256:WARNING:pe_image_reader.cc(281)] could not read dos header from C:\Windows\system32\PSAPI.DLL
[1031/182953.256:ERROR:process_reader_win.cc(242)] ReadMemory at 0x7ffecb50000 of 64 bytes failed: Solo se completó una parte de una solicitud ReadProcessMemory o WriteProcessMemory. (0x12B)
[1031/182953.256:WARNING:pe_image_reader.cc(281)] could not read dos header from C:\Windows\SYSTEM32\combase.dll
[1031/182953.256:ERROR:process_reader_win.cc(242)] ReadMemory at 0x7ffec970000 of 64 bytes failed: Solo se completó una parte de una solicitud ReadProcessMemory o WriteProcessMemory. (0x12B)
[1031/182953.256:WARNING:pe_image_reader.cc(281)] could not read dos header from C:\Windows\system32\GDI32.dll
[1031/182953.256:ERROR:process_reader_win.cc(242)] ReadMemory at 0x7ffeb860000 of 64 bytes failed: Solo se completó una parte de una solicitud ReadProcessMemory o WriteProcessMemory. (0x12B)
[1031/182953.256:WARNING:pe_image_reader.cc(281)] could not read dos header from C:\Windows\system32\USER32.dll
[1031/182953.256:ERROR:process_reader_win.cc(242)] ReadMemory at 0x323f5c0000 of 64 bytes failed: Solo se completó una parte de una solicitud ReadProcessMemory o WriteProcessMemory. (0x12B)
[1031/182953.256:WARNING:pe_image_reader.cc(281)] could not read dos header from C:\Windows\system32\MSCTF.dll
[1031/182953.256:ERROR:process_reader_win.cc(242)] ReadMemory at 0x7ffebe60000 of 64 bytes failed: Solo se completó una parte de una solicitud ReadProcessMemory o WriteProcessMemory. (0x12B)
[1031/182953.256:WARNING:pe_image_reader.cc(281)] could not read dos header from C:\Windows\system32\IMM32.DLL
[1031/182953.256:ERROR:process_reader_win.cc(242)] ReadMemory at 0x7ffec3d0000 of 64 bytes failed: Solo se completó una parte de una solicitud ReadProcessMemory o WriteProcessMemory. (0x12B)
[1031/182953.256:WARNING:pe_image_reader.cc(281)] could not read dos header from C:\Windows\system32\SHLWAPI.dll
[1031/182953.256:ERROR:process_reader_win.cc(242)] ReadMemory at 0x7ffea150000 of 64 bytes failed: Solo se completó una parte de una solicitud ReadProcessMemory o WriteProcessMemory. (0x12B)
[1031/182953.256:WARNING:pe_image_reader.cc(281)] could not read dos header from C:\Windows\system32\SHELL32.dll
[1031/182953.256:ERROR:process_reader_win.cc(242)] ReadMemory at 0x7ffe9ec0000 of 64 bytes failed: Solo se completó una parte de una solicitud ReadProcessMemory o WriteProcessMemory. (0x12B)
[1031/182953.256:WARNING:pe_image_reader.cc(281)] could not read dos header from C:\Windows\SYSTEM32\cfgmgr32.dll
[1031/182953.256:ERROR:process_reader_win.cc(242)] ReadMemory at 0x7ffe9f10000 of 64 bytes failed: Solo se completó una parte de una solicitud ReadProcessMemory o WriteProcessMemory. (0x12B)
[1031/182953.256:WARNING:pe_image_reader.cc(281)] could not read dos header from C:\Windows\system32\DEVOBJ.dll
[1031/182953.256:ERROR:process_reader_win.cc(242)] ReadMemory at 0x7ffdf7e0000 of 64 bytes failed: Solo se completó una parte de una solicitud ReadProcessMemory o WriteProcessMemory. (0x12B)
[1031/182953.256:WARNING:pe_image_reader.cc(281)] could not read dos header from C:\Windows\SYSTEM32\WINMMBASE.dll
[1031/182953.256:ERROR:process_reader_win.cc(242)] ReadMemory at 0x7ffdf820000 of 64 bytes failed: Solo se completó una parte de una solicitud ReadProcessMemory o WriteProcessMemory. (0x12B)
[1031/182953.256:WARNING:pe_image_reader.cc(281)] could not read dos header from C:\Windows\SYSTEM32\WINMM.dll
[1031/182953.256:ERROR:process_reader_win.cc(242)] ReadMemory at 0x7ffe9c10000 of 64 bytes failed: Solo se completó una parte de una solicitud ReadProcessMemory o WriteProcessMemory. (0x12B)
[1031/182953.256:WARNING:pe_image_reader.cc(281)] could not read dos header from C:\Windows\SYSTEM32\profapi.dll
[1031/182953.256:ERROR:process_reader_win.cc(242)] ReadMemory at 0x7ffe8ef0000 of 64 bytes failed: Solo se completó una parte de una solicitud ReadProcessMemory o WriteProcessMemory. (0x12B)
[1031/182953.256:WARNING:pe_image_reader.cc(281)] could not read dos header from C:\Windows\SYSTEM32\USERENV.dll
[1031/182953.256:ERROR:process_reader_win.cc(242)] ReadMemory at 0x7ffe46f0000 of 64 bytes failed: Solo se completó una parte de una solicitud ReadProcessMemory o WriteProcessMemory. (0x12B)
[1031/182953.256:WARNING:pe_image_reader.cc(281)] could not read dos header from C:\Windows\SYSTEM32\WINHTTP.dll
[1031/182953.256:ERROR:process_reader_win.cc(242)] ReadMemory at 0x7ffe8280000 of 64 bytes failed: Solo se completó una parte de una solicitud ReadProcessMemory o WriteProcessMemory. (0x12B)
[1031/182953.256:WARNING:pe_image_reader.cc(281)] could not read dos header from C:\Windows\SYSTEM32\shcore.dll
[1031/182953.256:ERROR:process_reader_win.cc(242)] ReadMemory at 0x7ffec1f0000 of 64 bytes failed: Solo se completó una parte de una solicitud ReadProcessMemory o WriteProcessMemory. (0x12B)
[1031/182953.256:WARNING:pe_image_reader.cc(281)] could not read dos header from C:\Windows\system32\ole32.dll
[1031/182953.256:ERROR:process_reader_win.cc(242)] ReadMemory at 0x7ffec0c0000 of 64 bytes failed: Solo se completó una parte de una solicitud ReadProcessMemory o WriteProcessMemory. (0x12B)
[1031/182953.256:WARNING:pe_image_reader.cc(281)] could not read dos header from C:\Windows\system32\OLEAUT32.dll
[1031/182953.256:ERROR:process_reader_win.cc(242)] ReadMemory at 0x323f100000 of 64 bytes failed: Solo se completó una parte de una solicitud ReadProcessMemory o WriteProcessMemory. (0x12B)
[1031/182953.256:WARNING:pe_image_reader.cc(281)] could not read dos header from C:\Windows\system32\NSI.dll
[1031/182953.256:ERROR:process_reader_win.cc(242)] ReadMemory at 0x7ffecaf0000 of 64 bytes failed: Solo se completó una parte de una solicitud ReadProcessMemory o WriteProcessMemory. (0x12B)
[1031/182953.256:WARNING:pe_image_reader.cc(281)] could not read dos header from C:\Windows\system32\WS2_32.dll
[1031/182953.256:ERROR:process_reader_win.cc(242)] ReadMemory at 0x7ffe9cc0000 of 64 bytes failed: Solo se completó una parte de una solicitud ReadProcessMemory o WriteProcessMemory. (0x12B)
[1031/182953.256:WARNING:pe_image_reader.cc(281)] could not read dos header from C:\Windows\system32\MSASN1.dll
[1031/182953.256:ERROR:process_reader_win.cc(242)] ReadMemory at 0x7ffe9ce0000 of 64 bytes failed: Solo se completó una parte de una solicitud ReadProcessMemory o WriteProcessMemory. (0x12B)
[1031/182953.256:WARNING:pe_image_reader.cc(281)] could not read dos header from C:\Windows\system32\CRYPT32.dll
[1031/182953.256:ERROR:process_reader_win.cc(242)] ReadMemory at 0x7ffea040000 of 64 bytes failed: Solo se completó una parte de una solicitud ReadProcessMemory o WriteProcessMemory. (0x12B)
[1031/182953.256:WARNING:pe_image_reader.cc(281)] could not read dos header from C:\Windows\system32\WINTRUST.dll
[1031/182953.256:ERROR:process_reader_win.cc(242)] ReadMemory at 0x7ffe94c0000 of 64 bytes failed: Solo se completó una parte de una solicitud ReadProcessMemory o WriteProcessMemory. (0x12B)
[1031/182953.256:WARNING:pe_image_reader.cc(281)] could not read dos header from C:\Windows\WinSxS\amd64_microsoft.windows.common-controls_6595b64144ccf1df_6.0.9200.17359_none_4188b989718cf1c6\COMCTL32.dll
[1031/182953.256:ERROR:process_reader_win.cc(242)] ReadMemory at 0x7ffeb440000 of 64 bytes failed: Solo se completó una parte de una solicitud ReadProcessMemory o WriteProcessMemory. (0x12B)
[1031/182953.256:WARNING:pe_image_reader.cc(281)] could not read dos header from C:\Windows\system32\COMDLG32.dll
[1031/182953.256:ERROR:process_reader_win.cc(242)] ReadMemory at 0x7ffd81e0000 of 64 bytes failed: Solo se completó una parte de una solicitud ReadProcessMemory o WriteProcessMemory. (0x12B)
[1031/182953.256:WARNING:pe_image_reader.cc(281)] could not read dos header from C:\Windows\SYSTEM32\dbghelp.dll
[1031/182953.256:ERROR:process_reader_win.cc(242)] ReadMemory at 0x7ffde920000 of 64 bytes failed: Solo se completó una parte de una solicitud ReadProcessMemory o WriteProcessMemory. (0x12B)
[1031/182953.256:WARNING:pe_image_reader.cc(281)] could not read dos header from C:\Windows\SYSTEM32\USP10.dll
[1031/182953.256:ERROR:process_reader_win.cc(242)] ReadMemory at 0x7ffdc5a0000 of 64 bytes failed: Solo se completó una parte de una solicitud ReadProcessMemory o WriteProcessMemory. (0x12B)
[1031/182953.256:WARNING:pe_image_reader.cc(281)] could not read dos header from C:\Windows\SYSTEM32\WINSPOOL.DRV
[1031/182953.256:ERROR:process_reader_win.cc(242)] ReadMemory at 0x7ffe5ea0000 of 64 bytes failed: Solo se completó una parte de una solicitud ReadProcessMemory o WriteProcessMemory. (0x12B)
[1031/182953.256:WARNING:pe_image_reader.cc(281)] could not read dos header from C:\Windows\SYSTEM32\WINNSI.DLL
[1031/182953.256:ERROR:process_reader_win.cc(242)] ReadMemory at 0x7ffe5ec0000 of 64 bytes failed: Solo se completó una parte de una solicitud ReadProcessMemory o WriteProcessMemory. (0x12B)
[1031/182953.256:WARNING:pe_image_reader.cc(281)] could not read dos header from C:\Windows\SYSTEM32\IPHLPAPI.DLL
[1031/182953.256:ERROR:process_reader_win.cc(242)] ReadMemory at 0x7ffdfba0000 of 64 bytes failed: Solo se completó una parte de una solicitud ReadProcessMemory o WriteProcessMemory. (0x12B)
[1031/182953.256:WARNING:pe_image_reader.cc(281)] could not read dos header from C:\Windows\SYSTEM32\Secur32.dll
[1031/182953.256:ERROR:process_reader_win.cc(242)] ReadMemory at 0x7ffebea0000 of 64 bytes failed: Solo se completó una parte de una solicitud ReadProcessMemory o WriteProcessMemory. (0x12B)
[1031/182953.256:WARNING:pe_image_reader.cc(281)] could not read dos header from C:\Windows\system32\iertutil.dll
[1031/182953.256:ERROR:process_reader_win.cc(242)] ReadMemory at 0x7ffec420000 of 64 bytes failed: Solo se completó una parte de una solicitud ReadProcessMemory o WriteProcessMemory. (0x12B)
[1031/182953.256:WARNING:pe_image_reader.cc(281)] could not read dos header from C:\Windows\system32\WININET.dll
[1031/182953.256:ERROR:process_reader_win.cc(242)] ReadMemory at 0x7ffeb650000 of 64 bytes failed: Solo se completó una parte de una solicitud ReadProcessMemory o WriteProcessMemory. (0x12B)
[1031/182953.256:WARNING:pe_image_reader.cc(281)] could not read dos header from C:\Windows\system32\urlmon.dll
[1031/182953.256:ERROR:process_reader_win.cc(242)] ReadMemory at 0x7ffe6730000 of 64 bytes failed: Solo se completó una parte de una solicitud ReadProcessMemory o WriteProcessMemory. (0x12B)
[1031/182953.256:WARNING:pe_image_reader.cc(281)] could not read dos header from C:\Windows\SYSTEM32\DWrite.dll
[1031/182953.256:ERROR:process_reader_win.cc(242)] ReadMemory at 0x7ffe99c0000 of 64 bytes failed: Solo se completó una parte de una solicitud ReadProcessMemory o WriteProcessMemory. (0x12B)
[1031/182953.256:WARNING:pe_image_reader.cc(281)] could not read dos header from C:\Windows\SYSTEM32\SSPICLI.DLL
[1031/182953.256:ERROR:process_reader_win.cc(242)] ReadMemory at 0x7ffcbfd0000 of 64 bytes failed: Solo se completó una parte de una solicitud ReadProcessMemory o WriteProcessMemory. (0x12B)
[1031/182953.256:WARNING:pe_image_reader.cc(281)] could not read dos header from C:\Program Files (x86)\Google\Chrome\Application\61.0.3163.100\chrome_child.dll
[1031/182953.256:ERROR:process_reader_win.cc(242)] ReadMemory at 0x7ffe99f0000 of 64 bytes failed: Solo se completó una parte de una solicitud ReadProcessMemory o WriteProcessMemory. (0x12B)
[1031/182953.256:WARNING:pe_image_reader.cc(281)] could not read dos header from C:\Windows\SYSTEM32\bcryptPrimitives.dll
[1031/182953.256:ERROR:process_reader_win.cc(242)] ReadMemory at 0x7ffe9a50000 of 64 bytes failed: Solo se completó una parte de una solicitud ReadProcessMemory o WriteProcessMemory. (0x12B)
[1031/182953.256:WARNING:pe_image_reader.cc(281)] could not read dos header from C:\Windows\SYSTEM32\cryptbase.dll
[1031/182953.256:ERROR:process_reader_win.cc(242)] ReadMemory at 0x7f69cc00000 of 64 bytes failed: Solo se completó una parte de una solicitud ReadProcessMemory o WriteProcessMemory. (0x12B)
[1031/182953.256:WARNING:pe_image_reader.cc(281)] could not read dos header from C:\Program Files (x86)\Google\Chrome\Application\chrome.exe
[1031/182953.256:ERROR:process_reader_win.cc(242)] ReadMemory at 0x7ffecd00000 of 64 bytes failed: Solo se completó una parte de una solicitud ReadProcessMemory o WriteProcessMemory. (0x12B)
[1031/182953.256:WARNING:pe_image_reader.cc(281)] could not read dos header from C:\Windows\SYSTEM32\ntdll.dll
[1031/182953.256:ERROR:process_reader_win.cc(242)] ReadMemory at 0x7ffe9f40000 of 64 bytes failed: Solo se completó una parte de una solicitud ReadProcessMemory o WriteProcessMemory. (0x12B)
[1031/182953.256:WARNING:pe_image_reader.cc(281)] could not read dos header from C:\Windows\system32\KERNELBASE.dll
[1031/182953.256:ERROR:process_reader_win.cc(242)] ReadMemory at 0x7ffebae0000 of 64 bytes failed: Solo se completó una parte de una solicitud ReadProcessMemory o WriteProcessMemory. (0x12B)
[1031/182953.256:WARNING:pe_image_reader.cc(281)] could not read dos header from C:\Windows\system32\KERNEL32.DLL
[1031/182953.256:ERROR:process_reader_win.cc(242)] ReadMemory at 0x7ffeb7b0000 of 64 bytes failed: Solo se completó una parte de una solicitud ReadProcessMemory o WriteProcessMemory. (0x12B)
[1031/182953.256:WARNING:pe_image_reader.cc(281)] could not read dos header from C:\Windows\system32\msvcrt.dll
[1031/182953.256:ERROR:process_reader_win.cc(242)] ReadMemory at 0x7ffe7120000 of 64 bytes failed: Solo se completó una parte de una solicitud ReadProcessMemory o WriteProcessMemory. (0x12B)
[1031/182953.256:WARNING:pe_image_reader.cc(281)] could not read dos header from C:\Windows\SYSTEM32\VERSION.dll
[1031/182953.256:ERROR:process_reader_win.cc(242)] ReadMemory at 0x7ffdb3a0000 of 64 bytes failed: Solo se completó una parte de una solicitud ReadProcessMemory o WriteProcessMemory. (0x12B)
[1031/182953.256:WARNING:pe_image_reader.cc(281)] could not read dos header from C:\Program Files (x86)\Google\Chrome\Application\61.0.3163.100\chrome_elf.dll
[1031/182953.256:ERROR:process_reader_win.cc(242)] ReadMemory at 0x7ffeb4f0000 of 64 bytes failed: Solo se completó una parte de una solicitud ReadProcessMemory o WriteProcessMemory. (0x12B)
[1031/182953.256:WARNING:pe_image_reader.cc(281)] could not read dos header from C:\Windows\system32\RPCRT4.dll
[1031/182953.256:ERROR:process_reader_win.cc(242)] ReadMemory at 0x7ffec1a0000 of 64 bytes failed: Solo se completó una parte de una solicitud ReadProcessMemory o WriteProcessMemory. (0x12B)
[1031/182953.256:WARNING:pe_image_reader.cc(281)] could not read dos header from C:\Windows\SYSTEM32\sechost.dll
[1031/182953.256:ERROR:process_reader_win.cc(242)] ReadMemory at 0x7ffec6c0000 of 64 bytes failed: Solo se completó una parte de una solicitud ReadProcessMemory o WriteProcessMemory. (0x12B)
[1031/182953.256:WARNING:pe_image_reader.cc(281)] could not read dos header from C:\Windows\system32\ADVAPI32.dll
[1031/182953.256:ERROR:process_reader_win.cc(242)] ReadMemory at 0x7ffeb640000 of 64 bytes failed: Solo se completó una parte de una solicitud ReadProcessMemory o WriteProcessMemory. (0x12B)
[1031/182953.256:WARNING:pe_image_reader.cc(281)] could not read dos header from C:\Windows\system32\PSAPI.DLL
[1031/182953.256:ERROR:process_reader_win.cc(242)] ReadMemory at 0x7ffecb50000 of 64 bytes failed: Solo se completó una parte de una solicitud ReadProcessMemory o WriteProcessMemory. (0x12B)
[1031/182953.256:WARNING:pe_image_reader.cc(281)] could not read dos header from C:\Windows\SYSTEM32\combase.dll
[1031/182953.256:ERROR:process_reader_win.cc(242)] ReadMemory at 0x7ffec970000 of 64 bytes failed: Solo se completó una parte de una solicitud ReadProcessMemory o WriteProcessMemory. (0x12B)
[1031/182953.256:WARNING:pe_image_reader.cc(281)] could not read dos header from C:\Windows\system32\GDI32.dll
[1031/182953.256:ERROR:process_reader_win.cc(242)] ReadMemory at 0x7ffeb860000 of 64 bytes failed: Solo se completó una parte de una solicitud ReadProcessMemory o WriteProcessMemory. (0x12B)
[1031/182953.256:WARNING:pe_image_reader.cc(281)] could not read dos header from C:\Windows\system32\USER32.dll
[1031/182953.256:ERROR:process_reader_win.cc(242)] ReadMemory at 0x323f5c0000 of 64 bytes failed: Solo se completó una parte de una solicitud ReadProcessMemory o WriteProcessMemory. (0x12B)
[1031/182953.256:WARNING:pe_image_reader.cc(281)] could not read dos header from C:\Windows\system32\MSCTF.dll
[1031/182953.256:ERROR:process_reader_win.cc(242)] ReadMemory at 0x7ffebe60000 of 64 bytes failed: Solo se completó una parte de una solicitud ReadProcessMemory o WriteProcessMemory. (0x12B)
[1031/182953.256:WARNING:pe_image_reader.cc(281)] could not read dos header from C:\Windows\system32\IMM32.DLL
[1031/182953.256:ERROR:process_reader_win.cc(242)] ReadMemory at 0x7ffec3d0000 of 64 bytes failed: Solo se completó una parte de una solicitud ReadProcessMemory o WriteProcessMemory. (0x12B)
[1031/182953.256:WARNING:pe_image_reader.cc(281)] could not read dos header from C:\Windows\system32\SHLWAPI.dll
[1031/182953.256:ERROR:process_reader_win.cc(242)] ReadMemory at 0x7ffea150000 of 64 bytes failed: Solo se completó una parte de una solicitud ReadProcessMemory o WriteProcessMemory. (0x12B)
[1031/182953.256:WARNING:pe_image_reader.cc(281)] could not read dos header from C:\Windows\system32\SHELL32.dll
[1031/182953.256:ERROR:process_reader_win.cc(242)] ReadMemory at 0x7ffe9ec0000 of 64 bytes failed: Solo se completó una parte de una solicitud ReadProcessMemory o WriteProcessMemory. (0x12B)
[1031/182953.256:WARNING:pe_image_reader.cc(281)] could not read dos header from C:\Windows\SYSTEM32\cfgmgr32.dll
[1031/182953.256:ERROR:process_reader_win.cc(242)] ReadMemory at 0x7ffe9f10000 of 64 bytes failed: Solo se completó una parte de una solicitud ReadProcessMemory o WriteProcessMemory. (0x12B)
[1031/182953.256:WARNING:pe_image_reader.cc(281)] could not read dos header from C:\Windows\system32\DEVOBJ.dll
[1031/182953.256:ERROR:process_reader_win.cc(242)] ReadMemory at 0x7ffdf7e0000 of 64 bytes failed: Solo se completó una parte de una solicitud ReadProcessMemory o WriteProcessMemory. (0x12B)
[1031/182953.256:WARNING:pe_image_reader.cc(281)] could not read dos header from C:\Windows\SYSTEM32\WINMMBASE.dll
[1031/182953.256:ERROR:process_reader_win.cc(242)] ReadMemory at 0x7ffdf820000 of 64 bytes failed: Solo se completó una parte de una solicitud ReadProcessMemory o WriteProcessMemory. (0x12B)
[1031/182953.256:WARNING:pe_image_reader.cc(281)] could not read dos header from C:\Windows\SYSTEM32\WINMM.dll
[1031/182953.256:ERROR:process_reader_win.cc(242)] ReadMemory at 0x7ffe9c10000 of 64 bytes failed: Solo se completó una parte de una solicitud ReadProcessMemory o WriteProcessMemory. (0x12B)
[1031/182953.256:WARNING:pe_image_reader.cc(281)] could not read dos header from C:\Windows\SYSTEM32\profapi.dll
[1031/182953.256:ERROR:process_reader_win.cc(242)] ReadMemory at 0x7ffe8ef0000 of 64 bytes failed: Solo se completó una parte de una solicitud ReadProcessMemory o WriteProcessMemory. (0x12B)
[1031/182953.256:WARNING:pe_image_reader.cc(281)] could not read dos header from C:\Windows\SYSTEM32\USERENV.dll
[1031/182953.256:ERROR:process_reader_win.cc(242)] ReadMemory at 0x7ffe46f0000 of 64 bytes failed: Solo se completó una parte de una solicitud ReadProcessMemory o WriteProcessMemory. (0x12B)
[1031/182953.256:WARNING:pe_image_reader.cc(281)] could not read dos header from C:\Windows\SYSTEM32\WINHTTP.dll
[1031/182953.256:ERROR:process_reader_win.cc(242)] ReadMemory at 0x7ffe8280000 of 64 bytes failed: Solo se completó una parte de una solicitud ReadProcessMemory o WriteProcessMemory. (0x12B)
[1031/182953.256:WARNING:pe_image_reader.cc(281)] could not read dos header from C:\Windows\SYSTEM32\shcore.dll
[1031/182953.256:ERROR:process_reader_win.cc(242)] ReadMemory at 0x7ffec1f0000 of 64 bytes failed: Solo se completó una parte de una solicitud ReadProcessMemory o WriteProcessMemory. (0x12B)
[1031/182953.256:WARNING:pe_image_reader.cc(281)] could not read dos header from C:\Windows\system32\ole32.dll
[1031/182953.256:ERROR:process_reader_win.cc(242)] ReadMemory at 0x7ffec0c0000 of 64 bytes failed: Solo se completó una parte de una solicitud ReadProcessMemory o WriteProcessMemory. (0x12B)
[1031/182953.256:WARNING:pe_image_reader.cc(281)] could not read dos header from C:\Windows\system32\OLEAUT32.dll
[1031/182953.256:ERROR:process_reader_win.cc(242)] ReadMemory at 0x323f100000 of 64 bytes failed: Solo se completó una parte de una solicitud ReadProcessMemory o WriteProcessMemory. (0x12B)
[1031/182953.256:WARNING:pe_image_reader.cc(281)] could not read dos header from C:\Windows\system32\NSI.dll
[1031/182953.256:ERROR:process_reader_win.cc(242)] ReadMemory at 0x7ffecaf0000 of 64 bytes failed: Solo se completó una parte de una solicitud ReadProcessMemory o WriteProcessMemory. (0x12B)
[1031/182953.256:WARNING:pe_image_reader.cc(281)] could not read dos header from C:\Windows\system32\WS2_32.dll
[1031/182953.256:ERROR:process_reader_win.cc(242)] ReadMemory at 0x7ffe9cc0000 of 64 bytes failed: Solo se completó una parte de una solicitud ReadProcessMemory o WriteProcessMemory. (0x12B)
[1031/182953.256:WARNING:pe_image_reader.cc(281)] could not read dos header from C:\Windows\system32\MSASN1.dll
[1031/182953.256:ERROR:process_reader_win.cc(242)] ReadMemory at 0x7ffe9ce0000 of 64 bytes failed: Solo se completó una parte de una solicitud ReadProcessMemory o WriteProcessMemory. (0x12B)
[1031/182953.256:WARNING:pe_image_reader.cc(281)] could not read dos header from C:\Windows\system32\CRYPT32.dll
[1031/182953.256:ERROR:process_reader_win.cc(242)] ReadMemory at 0x7ffea040000 of 64 bytes failed: Solo se completó una parte de una solicitud ReadProcessMemory o WriteProcessMemory. (0x12B)
[1031/182953.256:WARNING:pe_image_reader.cc(281)] could not read dos header from C:\Windows\system32\WINTRUST.dll
[1031/182953.256:ERROR:process_reader_win.cc(242)] ReadMemory at 0x7ffe94c0000 of 64 bytes failed: Solo se completó una parte de una solicitud ReadProcessMemory o WriteProcessMemory. (0x12B)
[1031/182953.256:WARNING:pe_image_reader.cc(281)] could not read dos header from C:\Windows\WinSxS\amd64_microsoft.windows.common-controls_6595b64144ccf1df_6.0.9200.17359_none_4188b989718cf1c6\COMCTL32.dll
[1031/182953.256:ERROR:process_reader_win.cc(242)] ReadMemory at 0x7ffeb440000 of 64 bytes failed: Solo se completó una parte de una solicitud ReadProcessMemory o WriteProcessMemory. (0x12B)
[1031/182953.256:WARNING:pe_image_reader.cc(281)] could not read dos header from C:\Windows\system32\COMDLG32.dll
[1031/182953.256:ERROR:process_reader_win.cc(242)] ReadMemory at 0x7ffd81e0000 of 64 bytes failed: Solo se completó una parte de una solicitud ReadProcessMemory o WriteProcessMemory. (0x12B)
[1031/182953.256:WARNING:pe_image_reader.cc(281)] could not read dos header from C:\Windows\SYSTEM32\dbghelp.dll
[1031/182953.256:ERROR:process_reader_win.cc(242)] ReadMemory at 0x7ffde920000 of 64 bytes failed: Solo se completó una parte de una solicitud ReadProcessMemory o WriteProcessMemory. (0x12B)
[1031/182953.256:WARNING:pe_image_reader.cc(281)] could not read dos header from C:\Windows\SYSTEM32\USP10.dll
[1031/182953.256:ERROR:process_reader_win.cc(242)] ReadMemory at 0x7ffdc5a0000 of 64 bytes failed: Solo se completó una parte de una solicitud ReadProcessMemory o WriteProcessMemory. (0x12B)
[1031/182953.256:WARNING:pe_image_reader.cc(281)] could not read dos header from C:\Windows\SYSTEM32\WINSPOOL.DRV
[1031/182953.256:ERROR:process_reader_win.cc(242)] ReadMemory at 0x7ffe5ea0000 of 64 bytes failed: Solo se completó una parte de una solicitud ReadProcessMemory o WriteProcessMemory. (0x12B)
[1031/182953.256:WARNING:pe_image_reader.cc(281)] could not read dos header from C:\Windows\SYSTEM32\WINNSI.DLL
[1031/182953.256:ERROR:process_reader_win.cc(242)] ReadMemory at 0x7ffe5ec0000 of 64 bytes failed: Solo se completó una parte de una solicitud ReadProcessMemory o WriteProcessMemory. (0x12B)
[1031/182953.256:WARNING:pe_image_reader.cc(281)] could not read dos header from C:\Windows\SYSTEM32\IPHLPAPI.DLL
[1031/182953.256:ERROR:process_reader_win.cc(242)] ReadMemory at 0x7ffdfba0000 of 64 bytes failed: Solo se completó una parte de una solicitud ReadProcessMemory o WriteProcessMemory. (0x12B)
[1031/182953.256:WARNING:pe_image_reader.cc(281)] could not read dos header from C:\Windows\SYSTEM32\Secur32.dll
[1031/182953.256:ERROR:process_reader_win.cc(242)] ReadMemory at 0x7ffebea0000 of 64 bytes failed: Solo se completó una parte de una solicitud ReadProcessMemory o WriteProcessMemory. (0x12B)
[1031/182953.256:WARNING:pe_image_reader.cc(281)] could not read dos header from C:\Windows\system32\iertutil.dll
[1031/182953.256:ERROR:process_reader_win.cc(242)] ReadMemory at 0x7ffec420000 of 64 bytes failed: Solo se completó una parte de una solicitud ReadProcessMemory o WriteProcessMemory. (0x12B)
[1031/182953.256:WARNING:pe_image_reader.cc(281)] could not read dos header from C:\Windows\system32\WININET.dll
[1031/182953.256:ERROR:process_reader_win.cc(242)] ReadMemory at 0x7ffeb650000 of 64 bytes failed: Solo se completó una parte de una solicitud ReadProcessMemory o WriteProcessMemory. (0x12B)
[1031/182953.256:WARNING:pe_image_reader.cc(281)] could not read dos header from C:\Windows\system32\urlmon.dll
[1031/182953.256:ERROR:process_reader_win.cc(242)] ReadMemory at 0x7ffe6730000 of 64 bytes failed: Solo se completó una parte de una solicitud ReadProcessMemory o WriteProcessMemory. (0x12B)
[1031/182953.256:WARNING:pe_image_reader.cc(281)] could not read dos header from C:\Windows\SYSTEM32\DWrite.dll
[1031/182953.256:ERROR:process_reader_win.cc(242)] ReadMemory at 0x7ffe99c0000 of 64 bytes failed: Solo se completó una parte de una solicitud ReadProcessMemory o WriteProcessMemory. (0x12B)
[1031/182953.256:WARNING:pe_image_reader.cc(281)] could not read dos header from C:\Windows\SYSTEM32\SSPICLI.DLL
[1031/182953.256:ERROR:process_reader_win.cc(242)] ReadMemory at 0x7ffcbfd0000 of 64 bytes failed: Solo se completó una parte de una solicitud ReadProcessMemory o WriteProcessMemory. (0x12B)
[1031/182953.256:WARNING:pe_image_reader.cc(281)] could not read dos header from C:\Program Files (x86)\Google\Chrome\Application\61.0.3163.100\chrome_child.dll
[1031/182953.256:ERROR:process_reader_win.cc(242)] ReadMemory at 0x7ffe99f0000 of 64 bytes failed: Solo se completó una parte de una solicitud ReadProcessMemory o WriteProcessMemory. (0x12B)
[1031/182953.256:WARNING:pe_image_reader.cc(281)] could not read dos header from C:\Windows\SYSTEM32\bcryptPrimitives.dll
[1031/182953.256:ERROR:process_reader_win.cc(242)] ReadMemory at 0x7ffe9a50000 of 64 bytes failed: Solo se completó una parte de una solicitud ReadProcessMemory o WriteProcessMemory. (0x12B)
[1031/182953.256:WARNING:pe_image_reader.cc(281)] could not read dos header from C:\Windows\SYSTEM32\cryptbase.dll
[1031/182953.256:ERROR:process_reader_win.cc(242)] ReadMemory at 0x7f69cc00000 of 64 bytes failed: Solo se completó una parte de una solicitud ReadProcessMemory o WriteProcessMemory. (0x12B)
[1031/182953.256:WARNING:pe_image_reader.cc(281)] could not read dos header from C:\Program Files (x86)\Google\Chrome\Application\chrome.exe
[1031/182953.256:ERROR:process_reader_win.cc(242)] ReadMemory at 0x7ffecd00000 of 64 bytes failed: Solo se completó una parte de una solicitud ReadProcessMemory o WriteProcessMemory. (0x12B)
[1031/182953.256:WARNING:pe_image_reader.cc(281)] could not read dos header from C:\Windows\SYSTEM32\ntdll.dll
[1031/182953.256:ERROR:process_reader_win.cc(242)] ReadMemory at 0x7ffe9f40000 of 64 bytes failed: Solo se completó una parte de una solicitud ReadProcessMemory o WriteProcessMemory. (0x12B)
[1031/182953.256:WARNING:pe_image_reader.cc(281)] could not read dos header from C:\Windows\system32\KERNELBASE.dll
[1031/182953.256:ERROR:process_reader_win.cc(242)] ReadMemory at 0x7ffebae0000 of 64 bytes failed: Solo se completó una parte de una solicitud ReadProcessMemory o WriteProcessMemory. (0x12B)
[1031/182953.256:WARNING:pe_image_reader.cc(281)] could not read dos header from C:\Windows\system32\KERNEL32.DLL
[1031/182953.256:ERROR:process_reader_win.cc(242)] ReadMemory at 0x7ffeb7b0000 of 64 bytes failed: Solo se completó una parte de una solicitud ReadProcessMemory o WriteProcessMemory. (0x12B)
[1031/182953.256:WARNING:pe_image_reader.cc(281)] could not read dos header from C:\Windows\system32\msvcrt.dll
[1031/182953.256:ERROR:process_reader_win.cc(242)] ReadMemory at 0x7ffe7120000 of 64 bytes failed: Solo se completó una parte de una solicitud ReadProcessMemory o WriteProcessMemory. (0x12B)
[1031/182953.256:WARNING:pe_image_reader.cc(281)] could not read dos header from C:\Windows\SYSTEM32\VERSION.dll
[1031/182953.256:ERROR:process_reader_win.cc(242)] ReadMemory at 0x7ffdb3a0000 of 64 bytes failed: Solo se completó una parte de una solicitud ReadProcessMemory o WriteProcessMemory. (0x12B)
[1031/182953.256:WARNING:pe_image_reader.cc(281)] could not read dos header from C:\Program Files (x86)\Google\Chrome\Application\61.0.3163.100\chrome_elf.dll
[1031/182953.256:ERROR:process_reader_win.cc(242)] ReadMemory at 0x7ffeb4f0000 of 64 bytes failed: Solo se completó una parte de una solicitud ReadProcessMemory o WriteProcessMemory. (0x12B)
[1031/182953.256:WARNING:pe_image_reader.cc(281)] could not read dos header from C:\Windows\system32\RPCRT4.dll
[1031/182953.256:ERROR:process_reader_win.cc(242)] ReadMemory at 0x7ffec1a0000 of 64 bytes failed: Solo se completó una parte de una solicitud ReadProcessMemory o WriteProcessMemory. (0x12B)
[1031/182953.256:WARNING:pe_image_reader.cc(281)] could not read dos header from C:\Windows\SYSTEM32\sechost.dll
[1031/182953.256:ERROR:process_reader_win.cc(242)] ReadMemory at 0x7ffec6c0000 of 64 bytes failed: Solo se completó una parte de una solicitud ReadProcessMemory o WriteProcessMemory. (0x12B)
[1031/182953.256:WARNING:pe_image_reader.cc(281)] could not read dos header from C:\Windows\system32\ADVAPI32.dll
[1031/182953.256:ERROR:process_reader_win.cc(242)] ReadMemory at 0x7ffeb640000 of 64 bytes failed: Solo se completó una parte de una solicitud ReadProcessMemory o WriteProcessMemory. (0x12B)
[1031/182953.256:WARNING:pe_image_reader.cc(281)] could not read dos header from C:\Windows\system32\PSAPI.DLL
[1031/182953.256:ERROR:process_reader_win.cc(242)] ReadMemory at 0x7ffecb50000 of 64 bytes failed: Solo se completó una parte de una solicitud ReadProcessMemory o WriteProcessMemory. (0x12B)
[1031/182953.256:WARNING:pe_image_reader.cc(281)] could not read dos header from C:\Windows\SYSTEM32\combase.dll
[1031/182953.256:ERROR:process_reader_win.cc(242)] ReadMemory at 0x7ffec970000 of 64 bytes failed: Solo se completó una parte de una solicitud ReadProcessMemory o WriteProcessMemory. (0x12B)
[1031/182953.256:WARNING:pe_image_reader.cc(281)] could not read dos header from C:\Windows\system32\GDI32.dll
[1031/182953.256:ERROR:process_reader_win.cc(242)] ReadMemory at 0x7ffeb860000 of 64 bytes failed: Solo se completó una parte de una solicitud ReadProcessMemory o WriteProcessMemory. (0x12B)
[1031/182953.256:WARNING:pe_image_reader.cc(281)] could not read dos header from C:\Windows\system32\USER32.dll
[1031/182953.256:ERROR:process_reader_win.cc(242)] ReadMemory at 0x323f5c0000 of 64 bytes failed: Solo se completó una parte de una solicitud ReadProcessMemory o WriteProcessMemory. (0x12B)
[1031/182953.256:WARNING:pe_image_reader.cc(281)] could not read dos header from C:\Windows\system32\MSCTF.dll
[1031/182953.256:ERROR:process_reader_win.cc(242)] ReadMemory at 0x7ffebe60000 of 64 bytes failed: Solo se completó una parte de una solicitud ReadProcessMemory o WriteProcessMemory. (0x12B)
[1031/182953.256:WARNING:pe_image_reader.cc(281)] could not read dos header from C:\Windows\system32\IMM32.DLL
[1031/182953.256:ERROR:process_reader_win.cc(242)] ReadMemory at 0x7ffec3d0000 of 64 bytes failed: Solo se completó una parte de una solicitud ReadProcessMemory o WriteProcessMemory. (0x12B)
[1031/182953.256:WARNING:pe_image_reader.cc(281)] could not read dos header from C:\Windows\system32\SHLWAPI.dll
[1031/182953.256:ERROR:process_reader_win.cc(242)] ReadMemory at 0x7ffea150000 of 64 bytes failed: Solo se completó una parte de una solicitud ReadProcessMemory o WriteProcessMemory. (0x12B)
[1031/182953.256:WARNING:pe_image_reader.cc(281)] could not read dos header from C:\Windows\system32\SHELL32.dll
[1031/182953.256:ERROR:process_reader_win.cc(242)] ReadMemory at 0x7ffe9ec0000 of 64 bytes failed: Solo se completó una parte de una solicitud ReadProcessMemory o WriteProcessMemory. (0x12B)
[1031/182953.256:WARNING:pe_image_reader.cc(281)] could not read dos header from C:\Windows\SYSTEM32\cfgmgr32.dll
[1031/182953.256:ERROR:process_reader_win.cc(242)] ReadMemory at 0x7ffe9f10000 of 64 bytes failed: Solo se completó una parte de una solicitud ReadProcessMemory o WriteProcessMemory. (0x12B)
[1031/182953.256:WARNING:pe_image_reader.cc(281)] could not read dos header from C:\Windows\system32\DEVOBJ.dll
[1031/182953.256:ERROR:process_reader_win.cc(242)] ReadMemory at 0x7ffdf7e0000 of 64 bytes failed: Solo se completó una parte de una solicitud ReadProcessMemory o WriteProcessMemory. (0x12B)
[1031/182953.256:WARNING:pe_image_reader.cc(281)] could not read dos header from C:\Windows\SYSTEM32\WINMMBASE.dll
[1031/182953.256:ERROR:process_reader_win.cc(242)] ReadMemory at 0x7ffdf820000 of 64 bytes failed: Solo se completó una parte de una solicitud ReadProcessMemory o WriteProcessMemory. (0x12B)
[1031/182953.256:WARNING:pe_image_reader.cc(281)] could not read dos header from C:\Windows\SYSTEM32\WINMM.dll
[1031/182953.256:ERROR:process_reader_win.cc(242)] ReadMemory at 0x7ffe9c10000 of 64 bytes failed: Solo se completó una parte de una solicitud ReadProcessMemory o WriteProcessMemory. (0x12B)
[1031/182953.256:WARNING:pe_image_reader.cc(281)] could not read dos header from C:\Windows\SYSTEM32\profapi.dll
[1031/182953.256:ERROR:process_reader_win.cc(242)] ReadMemory at 0x7ffe8ef0000 of 64 bytes failed: Solo se completó una parte de una solicitud ReadProcessMemory o WriteProcessMemory. (0x12B)
[1031/182953.256:WARNING:pe_image_reader.cc(281)] could not read dos header from C:\Windows\SYSTEM32\USERENV.dll
[1031/182953.256:ERROR:process_reader_win.cc(242)] ReadMemory at 0x7ffe46f0000 of 64 bytes failed: Solo se completó una parte de una solicitud ReadProcessMemory o WriteProcessMemory. (0x12B)
[1031/182953.256:WARNING:pe_image_reader.cc(281)] could not read dos header from C:\Windows\SYSTEM32\WINHTTP.dll
[1031/182953.256:ERROR:process_reader_win.cc(242)] ReadMemory at 0x7ffe8280000 of 64 bytes failed: Solo se completó una parte de una solicitud ReadProcessMemory o WriteProcessMemory. (0x12B)
[1031/182953.256:WARNING:pe_image_reader.cc(281)] could not read dos header from C:\Windows\SYSTEM32\shcore.dll
[1031/182953.256:ERROR:process_reader_win.cc(242)] ReadMemory at 0x7ffec1f0000 of 64 bytes failed: Solo se completó una parte de una solicitud ReadProcessMemory o WriteProcessMemory. (0x12B)
[1031/182953.256:WARNING:pe_image_reader.cc(281)] could not read dos header from C:\Windows\system32\ole32.dll
[1031/182953.256:ERROR:process_reader_win.cc(242)] ReadMemory at 0x7ffec0c0000 of 64 bytes failed: Solo se completó una parte de una solicitud ReadProcessMemory o WriteProcessMemory. (0x12B)
[1031/182953.256:WARNING:pe_image_reader.cc(281)] could not read dos header from C:\Windows\system32\OLEAUT32.dll
[1031/182953.256:ERROR:process_reader_win.cc(242)] ReadMemory at 0x323f100000 of 64 bytes failed: Solo se completó una parte de una solicitud ReadProcessMemory o WriteProcessMemory. (0x12B)
[1031/182953.256:WARNING:pe_image_reader.cc(281)] could not read dos header from C:\Windows\system32\NSI.dll
[1031/182953.256:ERROR:process_reader_win.cc(242)] ReadMemory at 0x7ffecaf0000 of 64 bytes failed: Solo se completó una parte de una solicitud ReadProcessMemory o WriteProcessMemory. (0x12B)
[1031/182953.256:WARNING:pe_image_reader.cc(281)] could not read dos header from C:\Windows\system32\WS2_32.dll
[1031/182953.256:ERROR:process_reader_win.cc(242)] ReadMemory at 0x7ffe9cc0000 of 64 bytes failed: Solo se completó una parte de una solicitud ReadProcessMemory o WriteProcessMemory. (0x12B)
[1031/182953.256:WARNING:pe_image_reader.cc(281)] could not read dos header from C:\Windows\system32\MSASN1.dll
[1031/182953.256:ERROR:process_reader_win.cc(242)] ReadMemory at 0x7ffe9ce0000 of 64 bytes failed: Solo se completó una parte de una solicitud ReadProcessMemory o WriteProcessMemory. (0x12B)
[1031/182953.256:WARNING:pe_image_reader.cc(281)] could not read dos header from C:\Windows\system32\CRYPT32.dll
[1031/182953.256:ERROR:process_reader_win.cc(242)] ReadMemory at 0x7ffea040000 of 64 bytes failed: Solo se completó una parte de una solicitud ReadProcessMemory o WriteProcessMemory. (0x12B)
[1031/182953.256:WARNING:pe_image_reader.cc(281)] could not read dos header from C:\Windows\system32\WINTRUST.dll
[1031/182953.256:ERROR:process_reader_win.cc(242)] ReadMemory at 0x7ffe94c0000 of 64 bytes failed: Solo se completó una parte de una solicitud ReadProcessMemory o WriteProcessMemory. (0x12B)
[1031/182953.256:WARNING:pe_image_reader.cc(281)] could not read dos header from C:\Windows\WinSxS\amd64_microsoft.windows.common-controls_6595b64144ccf1df_6.0.9200.17359_none_4188b989718cf1c6\COMCTL32.dll
[1031/182953.256:ERROR:process_reader_win.cc(242)] ReadMemory at 0x7ffeb440000 of 64 bytes failed: Solo se completó una parte de una solicitud ReadProcessMemory o WriteProcessMemory. (0x12B)
[1031/182953.256:WARNING:pe_image_reader.cc(281)] could not read dos header from C:\Windows\system32\COMDLG32.dll
[1031/182953.256:ERROR:process_reader_win.cc(242)] ReadMemory at 0x7ffd81e0000 of 64 bytes failed: Solo se completó una parte de una solicitud ReadProcessMemory o WriteProcessMemory. (0x12B)
[1031/182953.256:WARNING:pe_image_reader.cc(281)] could not read dos header from C:\Windows\SYSTEM32\dbghelp.dll
[1031/182953.256:ERROR:process_reader_win.cc(242)] ReadMemory at 0x7ffde920000 of 64 bytes failed: Solo se completó una parte de una solicitud ReadProcessMemory o WriteProcessMemory. (0x12B)
[1031/182953.256:WARNING:pe_image_reader.cc(281)] could not read dos header from C:\Windows\SYSTEM32\USP10.dll
[1031/182953.272:ERROR:process_reader_win.cc(242)] ReadMemory at 0x7ffdc5a0000 of 64 bytes failed: Solo se completó una parte de una solicitud ReadProcessMemory o WriteProcessMemory. (0x12B)
[1031/182953.272:WARNING:pe_image_reader.cc(281)] could not read dos header from C:\Windows\SYSTEM32\WINSPOOL.DRV
[1031/182953.272:ERROR:process_reader_win.cc(242)] ReadMemory at 0x7ffe5ea0000 of 64 bytes failed: Solo se completó una parte de una solicitud ReadProcessMemory o WriteProcessMemory. (0x12B)
[1031/182953.272:WARNING:pe_image_reader.cc(281)] could not read dos header from C:\Windows\SYSTEM32\WINNSI.DLL
[1031/182953.272:ERROR:process_reader_win.cc(242)] ReadMemory at 0x7ffe5ec0000 of 64 bytes failed: Solo se completó una parte de una solicitud ReadProcessMemory o WriteProcessMemory. (0x12B)
[1031/182953.272:WARNING:pe_image_reader.cc(281)] could not read dos header from C:\Windows\SYSTEM32\IPHLPAPI.DLL
[1031/182953.272:ERROR:process_reader_win.cc(242)] ReadMemory at 0x7ffdfba0000 of 64 bytes failed: Solo se completó una parte de una solicitud ReadProcessMemory o WriteProcessMemory. (0x12B)
[1031/182953.272:WARNING:pe_image_reader.cc(281)] could not read dos header from C:\Windows\SYSTEM32\Secur32.dll
[1031/182953.272:ERROR:process_reader_win.cc(242)] ReadMemory at 0x7ffebea0000 of 64 bytes failed: Solo se completó una parte de una solicitud ReadProcessMemory o WriteProcessMemory. (0x12B)
[1031/182953.272:WARNING:pe_image_reader.cc(281)] could not read dos header from C:\Windows\system32\iertutil.dll
[1031/182953.272:ERROR:process_reader_win.cc(242)] ReadMemory at 0x7ffec420000 of 64 bytes failed: Solo se completó una parte de una solicitud ReadProcessMemory o WriteProcessMemory. (0x12B)
[1031/182953.272:WARNING:pe_image_reader.cc(281)] could not read dos header from C:\Windows\system32\WININET.dll
[1031/182953.272:ERROR:process_reader_win.cc(242)] ReadMemory at 0x7ffeb650000 of 64 bytes failed: Solo se completó una parte de una solicitud ReadProcessMemory o WriteProcessMemory. (0x12B)
[1031/182953.272:WARNING:pe_image_reader.cc(281)] could not read dos header from C:\Windows\system32\urlmon.dll
[1031/182953.272:ERROR:process_reader_win.cc(242)] ReadMemory at 0x7ffe6730000 of 64 bytes failed: Solo se completó una parte de una solicitud ReadProcessMemory o WriteProcessMemory. (0x12B)
[1031/182953.272:WARNING:pe_image_reader.cc(281)] could not read dos header from C:\Windows\SYSTEM32\DWrite.dll
[1031/182953.272:ERROR:process_reader_win.cc(242)] ReadMemory at 0x7ffe99c0000 of 64 bytes failed: Solo se completó una parte de una solicitud ReadProcessMemory o WriteProcessMemory. (0x12B)
[1031/182953.272:WARNING:pe_image_reader.cc(281)] could not read dos header from C:\Windows\SYSTEM32\SSPICLI.DLL
[1031/182953.272:ERROR:process_reader_win.cc(242)] ReadMemory at 0x7ffcbfd0000 of 64 bytes failed: Solo se completó una parte de una solicitud ReadProcessMemory o WriteProcessMemory. (0x12B)
[1031/182953.272:WARNING:pe_image_reader.cc(281)] could not read dos header from C:\Program Files (x86)\Google\Chrome\Application\61.0.3163.100\chrome_child.dll
[1031/182953.272:ERROR:process_reader_win.cc(242)] ReadMemory at 0x7ffe99f0000 of 64 bytes failed: Solo se completó una parte de una solicitud ReadProcessMemory o WriteProcessMemory. (0x12B)
[1031/182953.272:WARNING:pe_image_reader.cc(281)] could not read dos header from C:\Windows\SYSTEM32\bcryptPrimitives.dll
[1031/182953.272:ERROR:process_reader_win.cc(242)] ReadMemory at 0x7ffe9a50000 of 64 bytes failed: Solo se completó una parte de una solicitud ReadProcessMemory o WriteProcessMemory. (0x12B)
[1031/182953.272:WARNING:pe_image_reader.cc(281)] could not read dos header from C:\Windows\SYSTEM32\cryptbase.dll
[1031/182953.272:ERROR:process_reader_win.cc(242)] ReadMemory at 0x323ee8e000 of 73728 bytes failed: Solo se completó una parte de una solicitud ReadProcessMemory o WriteProcessMemory. (0x12B)
[1031/182953.272:ERROR:crash_report_exception_handler.cc(116)] WriteEverything failed
[1031/182953.272:ERROR:scoped_process_suspend.cc(39)] NtResumeProcess: Se intentó obtener acceso a un proceso que está cerrándose.  (0xc000010a)
[1101/132839.135:ERROR:crash_report_database_win.cc(427)] unexpected header
[1114/220859.399:ERROR:process_info.cc(632)] range at 0x493f415400000000, size 0x1cf fully unreadable
[1114/220859.407:ERROR:process_info.cc(632)] range at 0x493f417400000000, size 0x1cf fully unreadable
[1114/220859.407:ERROR:process_info.cc(632)] range at 0x0, size 0x1cf fully unreadable
[1116/135619.940:ERROR:crash_report_database_win.cc(427)] unexpected header
[1116/140619.941:ERROR:crash_report_database_win.cc(427)] unexpected header
[1116/140619.942:ERROR:crash_report_database_win.cc(427)] unexpected header
[1116/141119.941:ERROR:crash_report_database_win.cc(427)] unexpected header
[1116/142619.942:ERROR:crash_report_database_win.cc(427)] unexpected header
[1116/144119.944:ERROR:crash_report_database_win.cc(427)] unexpected header
[1116/145619.944:ERROR:crash_report_database_win.cc(427)] unexpected header
[1116/151119.944:ERROR:crash_report_database_win.cc(427)] unexpected header
[1116/162557.287:ERROR:crash_report_database_win.cc(427)] unexpected header
[1116/192802.403:ERROR:crash_report_database_win.cc(427)] unexpected header
[1116/193651.831:ERROR:crash_report_database_win.cc(427)] unexpected header
[1116/193802.415:ERROR:crash_report_database_win.cc(427)] unexpected header
[1116/193802.415:ERROR:crash_report_database_win.cc(427)] unexpected header
[1116/194302.419:ERROR:crash_report_database_win.cc(427)] unexpected header
[1116/195802.425:ERROR:crash_report_database_win.cc(427)] unexpected header
[1116/201302.438:ERROR:crash_report_database_win.cc(427)] unexpected header
[1116/202802.438:ERROR:crash_report_database_win.cc(427)] unexpected header
[1116/204302.449:ERROR:crash_report_database_win.cc(427)] unexpected header
[1116/205802.452:ERROR:crash_report_database_win.cc(427)] unexpected header
[1116/211106.264:ERROR:crash_report_database_win.cc(427)] unexpected header
[1116/211302.454:ERROR:crash_report_database_win.cc(427)] unexpected header
[1116/212802.460:ERROR:crash_report_database_win.cc(427)] unexpected header
[1116/214302.461:ERROR:crash_report_database_win.cc(427)] unexpected header
[1116/215802.462:ERROR:crash_report_database_win.cc(427)] unexpected header
[1116/221302.470:ERROR:crash_report_database_win.cc(427)] unexpected header
[1116/222802.480:ERROR:crash_report_database_win.cc(427)] unexpected header
[1116/224302.480:ERROR:crash_report_database_win.cc(427)] unexpected header
[1116/225802.482:ERROR:crash_report_database_win.cc(427)] unexpected header
[1116/231302.484:ERROR:crash_report_database_win.cc(427)] unexpected header
[1117/131445.840:ERROR:crash_report_database_win.cc(427)] unexpected header
[1117/145618.742:ERROR:crash_report_database_win.cc(427)] unexpected header
[1120/125924.297:ERROR:crash_report_database_win.cc(427)] unexpected header
[1122/131229.269:ERROR:crash_report_database_win.cc(427)] unexpected header
[1122/232437.558:ERROR:crash_report_database_win.cc(427)] unexpected header
[1123/132633.850:ERROR:crash_report_database_win.cc(427)] unexpected header
[1123/133633.859:ERROR:crash_report_database_win.cc(427)] unexpected header
[1123/133633.859:ERROR:crash_report_database_win.cc(427)] unexpected header
[1123/134133.882:ERROR:crash_report_database_win.cc(427)] unexpected header
[1123/135633.896:ERROR:crash_report_database_win.cc(427)] unexpected header
[1123/141133.897:ERROR:crash_report_database_win.cc(427)] unexpected header
[1123/142633.906:ERROR:crash_report_database_win.cc(427)] unexpected header
[1123/144133.919:ERROR:crash_report_database_win.cc(427)] unexpected header
[1123/145633.920:ERROR:crash_report_database_win.cc(427)] unexpected header
[1123/151133.925:ERROR:crash_report_database_win.cc(427)] unexpected header
[1123/152633.926:ERROR:crash_report_database_win.cc(427)] unexpected header
[1123/154133.932:ERROR:crash_report_database_win.cc(427)] unexpected header
[1123/155633.933:ERROR:crash_report_database_win.cc(427)] unexpected header
[1123/161133.937:ERROR:crash_report_database_win.cc(427)] unexpected header
[1123/162633.938:ERROR:crash_report_database_win.cc(427)] unexpected header
[1123/164133.938:ERROR:crash_report_database_win.cc(427)] unexpected header
[1123/165633.940:ERROR:crash_report_database_win.cc(427)] unexpected header
[1123/192704.944:ERROR:crash_report_database_win.cc(427)] unexpected header
[1123/193704.945:ERROR:crash_report_database_win.cc(427)] unexpected header
[1123/193704.946:ERROR:crash_report_database_win.cc(427)] unexpected header
[1123/194204.976:ERROR:crash_report_database_win.cc(427)] unexpected header
[1123/195704.977:ERROR:crash_report_database_win.cc(427)] unexpected header
[1123/201204.977:ERROR:crash_report_database_win.cc(427)] unexpected header
[1123/202648.121:ERROR:crash_report_database_win.cc(427)] unexpected header
[1123/202704.978:ERROR:crash_report_database_win.cc(427)] unexpected header
[1123/204204.979:ERROR:crash_report_database_win.cc(427)] unexpected header
[1123/205704.980:ERROR:crash_report_database_win.cc(427)] unexpected header
[1123/211204.980:ERROR:crash_report_database_win.cc(427)] unexpected header
[1123/212704.980:ERROR:crash_report_database_win.cc(427)] unexpected header
[1123/214204.981:ERROR:crash_report_database_win.cc(427)] unexpected header
[1123/215705.124:ERROR:crash_report_database_win.cc(427)] unexpected header
[1123/221205.353:ERROR:crash_report_database_win.cc(427)] unexpected header
[1123/222705.354:ERROR:crash_report_database_win.cc(427)] unexpected header
[1123/223528.456:ERROR:crash_report_database_win.cc(427)] unexpected header
[1123/224205.358:ERROR:crash_report_database_win.cc(427)] unexpected header
[1123/225705.359:ERROR:crash_report_database_win.cc(427)] unexpected header
[1123/231205.360:ERROR:crash_report_database_win.cc(427)] unexpected header
[1123/232705.360:ERROR:crash_report_database_win.cc(427)] unexpected header
[1124/150616.915:ERROR:crash_report_database_win.cc(427)] unexpected header
[1124/193558.356:ERROR:crash_report_database_win.cc(427)] unexpected header
[1127/131217.500:ERROR:crash_report_database_win.cc(427)] unexpected header
[1127/141147.091:ERROR:crash_report_database_win.cc(427)] unexpected header
[1127/152705.410:ERROR:crash_report_database_win.cc(427)] unexpected header
[1127/154150.591:ERROR:crash_report_database_win.cc(427)] unexpected header
[1127/170342.782:ERROR:crash_report_database_win.cc(427)] unexpected header
[1127/193639.702:ERROR:crash_report_database_win.cc(427)] unexpected header
[1127/194639.713:ERROR:crash_report_database_win.cc(427)] unexpected header
[1127/194639.714:ERROR:crash_report_database_win.cc(427)] unexpected header
[1127/195139.746:ERROR:crash_report_database_win.cc(427)] unexpected header
[1127/200639.759:ERROR:crash_report_database_win.cc(427)] unexpected header
[1127/202139.765:ERROR:crash_report_database_win.cc(427)] unexpected header
[1127/203639.766:ERROR:crash_report_database_win.cc(427)] unexpected header
[1127/205139.770:ERROR:crash_report_database_win.cc(427)] unexpected header
[1127/210250.281:ERROR:crash_report_database_win.cc(427)] unexpected header
[1127/210639.781:ERROR:crash_report_database_win.cc(427)] unexpected header
[1127/212139.788:ERROR:crash_report_database_win.cc(427)] unexpected header
[1127/213639.789:ERROR:crash_report_database_win.cc(427)] unexpected header
[1127/215139.790:ERROR:crash_report_database_win.cc(427)] unexpected header
[1127/220639.791:ERROR:crash_report_database_win.cc(427)] unexpected header
[1127/222139.805:ERROR:crash_report_database_win.cc(427)] unexpected header
[1127/223639.805:ERROR:crash_report_database_win.cc(427)] unexpected header
[1127/225139.807:ERROR:crash_report_database_win.cc(427)] unexpected header
[1127/230639.808:ERROR:crash_report_database_win.cc(427)] unexpected header
[1127/232139.810:ERROR:crash_report_database_win.cc(427)] unexpected header
[1128/130520.921:ERROR:crash_report_database_win.cc(427)] unexpected header
[1128/162815.619:ERROR:crash_report_database_win.cc(427)] unexpected header
[1129/125926.325:ERROR:crash_report_database_win.cc(427)] unexpected header
[1129/193535.031:ERROR:crash_report_database_win.cc(427)] unexpected header
[1130/125244.656:ERROR:crash_report_database_win.cc(427)] unexpected header
[1130/135705.147:ERROR:crash_report_database_win.cc(427)] unexpected header
[1130/191927.158:ERROR:crash_report_database_win.cc(427)] unexpected header
[1130/193126.205:ERROR:crash_report_database_win.cc(427)] unexpected header
[1130/212624.125:ERROR:crash_report_database_win.cc(427)] unexpected header
[1130/231304.361:ERROR:crash_report_database_win.cc(427)] unexpected header
[1204/125619.394:ERROR:crash_report_database_win.cc(427)] unexpected header
[1204/130619.395:ERROR:crash_report_database_win.cc(427)] unexpected header
[1204/130619.396:ERROR:crash_report_database_win.cc(427)] unexpected header
[1204/131119.441:ERROR:crash_report_database_win.cc(427)] unexpected header
[1204/132619.448:ERROR:crash_report_database_win.cc(427)] unexpected header
[1204/134119.456:ERROR:crash_report_database_win.cc(427)] unexpected header
[1204/135619.461:ERROR:crash_report_database_win.cc(427)] unexpected header
[1204/141119.476:ERROR:crash_report_database_win.cc(427)] unexpected header
[1204/142619.486:ERROR:crash_report_database_win.cc(427)] unexpected header
[1204/144119.496:ERROR:crash_report_database_win.cc(427)] unexpected header
[1204/145619.506:ERROR:crash_report_database_win.cc(427)] unexpected header
[1204/151119.507:ERROR:crash_report_database_win.cc(427)] unexpected header
[1204/152619.512:ERROR:crash_report_database_win.cc(427)] unexpected header
[1204/154119.516:ERROR:crash_report_database_win.cc(427)] unexpected header
[1204/155619.517:ERROR:crash_report_database_win.cc(427)] unexpected header
[1204/161119.518:ERROR:crash_report_database_win.cc(427)] unexpected header
[1204/162619.526:ERROR:crash_report_database_win.cc(427)] unexpected header
[1204/164119.539:ERROR:crash_report_database_win.cc(427)] unexpected header
[1204/165619.539:ERROR:crash_report_database_win.cc(427)] unexpected header
[1204/193135.024:ERROR:crash_report_database_win.cc(427)] unexpected header
[1205/131029.257:ERROR:crash_report_database_win.cc(427)] unexpected header
[1205/155404.710:ERROR:crash_report_database_win.cc(427)] unexpected header
[1205/160849.002:ERROR:crash_report_database_win.cc(427)] unexpected header
[1205/163551.985:ERROR:crash_report_database_win.cc(427)] unexpected header
[1205/201123.571:ERROR:crash_report_database_win.cc(427)] unexpected header
[1206/130249.235:ERROR:crash_report_database_win.cc(427)] unexpected header
[1206/163733.908:ERROR:crash_report_database_win.cc(427)] unexpected header
[1206/193552.690:ERROR:crash_report_database_win.cc(427)] unexpected header
[1206/203229.835:ERROR:crash_report_database_win.cc(427)] unexpected header
[1206/203657.894:ERROR:crash_report_database_win.cc(427)] unexpected header
[1206/222129.710:ERROR:crash_report_database_win.cc(427)] unexpected header
[1207/130229.091:ERROR:crash_report_database_win.cc(427)] unexpected header
[1207/153217.091:ERROR:crash_report_database_win.cc(427)] unexpected header
[1207/170550.340:ERROR:crash_report_database_win.cc(427)] unexpected header
[1207/214350.257:ERROR:crash_report_database_win.cc(427)] unexpected header
[1207/223045.011:ERROR:crash_report_database_win.cc(427)] unexpected header
[1207/224453.006:ERROR:crash_report_database_win.cc(427)] unexpected header
[1207/231604.513:ERROR:crash_report_database_win.cc(427)] unexpected header
[1208/132707.323:ERROR:crash_report_database_win.cc(427)] unexpected header
[1208/132815.937:ERROR:crash_report_database_win.cc(427)] unexpected header
[1208/145436.946:ERROR:crash_report_database_win.cc(427)] unexpected header
[1208/155721.993:ERROR:crash_report_database_win.cc(427)] unexpected header
[1208/161407.638:ERROR:crash_report_database_win.cc(427)] unexpected header
[1208/192808.902:ERROR:crash_report_database_win.cc(427)] unexpected header
